{"/home/travis/build/npmtest/node-npmtest-pigato/test.js":{"path":"/home/travis/build/npmtest/node-npmtest-pigato/test.js","s":{"1":2,"2":2,"3":2,"4":2,"5":2,"6":2,"7":2,"8":1,"9":2,"10":2,"11":1,"12":1,"13":1,"14":1,"15":2,"16":2,"17":2,"18":2,"19":1,"20":1,"21":2,"22":2,"23":2,"24":1,"25":1,"26":1,"27":1,"28":1,"29":1,"30":1,"31":1,"32":1,"33":1,"34":1,"35":1,"36":1,"37":1,"38":1,"39":2,"40":2,"41":1,"42":2,"43":2,"44":1,"45":2,"46":2,"47":1,"48":2,"49":2,"50":1,"51":1,"52":1,"53":1,"54":1},"b":{"1":[2,1,1,1],"2":[1,1,1,1],"3":[1,1],"4":[1,1],"5":[1,1],"6":[1,1],"7":[1,1],"8":[1,1],"9":[1,1],"10":[1,1,1],"11":[1,1],"12":[1,1],"13":[1,1],"14":[1,1],"15":[1,1],"16":[1,1],"17":[1,1]},"f":{"1":2,"2":2,"3":2,"4":2,"5":2,"6":1,"7":1,"8":1,"9":2,"10":2,"11":2,"12":2,"13":1},"fnMap":{"1":{"name":"(anonymous_1)","line":12,"loc":{"start":{"line":12,"column":1},"end":{"line":12,"column":13}}},"2":{"name":"(anonymous_2)","line":19,"loc":{"start":{"line":19,"column":5},"end":{"line":19,"column":17}}},"3":{"name":"(anonymous_3)","line":23,"loc":{"start":{"line":23,"column":24},"end":{"line":23,"column":36}}},"4":{"name":"(anonymous_4)","line":61,"loc":{"start":{"line":61,"column":5},"end":{"line":61,"column":17}}},"5":{"name":"(anonymous_5)","line":82,"loc":{"start":{"line":82,"column":5},"end":{"line":82,"column":17}}},"6":{"name":"(anonymous_6)","line":91,"loc":{"start":{"line":91,"column":77},"end":{"line":94,"column":10}}},"7":{"name":"(anonymous_7)","line":112,"loc":{"start":{"line":112,"column":83},"end":{"line":115,"column":10}},"skip":true},"8":{"name":"(anonymous_8)","line":123,"loc":{"start":{"line":123,"column":77},"end":{"line":126,"column":10}},"skip":true},"9":{"name":"(anonymous_9)","line":139,"loc":{"start":{"line":139,"column":12},"end":{"line":139,"column":40}},"skip":true},"10":{"name":"(anonymous_10)","line":147,"loc":{"start":{"line":147,"column":77},"end":{"line":150,"column":10}},"skip":true},"11":{"name":"(anonymous_11)","line":158,"loc":{"start":{"line":158,"column":83},"end":{"line":161,"column":10}},"skip":true},"12":{"name":"(anonymous_12)","line":169,"loc":{"start":{"line":169,"column":79},"end":{"line":172,"column":10}},"skip":true},"13":{"name":"(anonymous_13)","line":180,"loc":{"start":{"line":180,"column":75},"end":{"line":183,"column":10}},"skip":true}},"statementMap":{"1":{"start":{"line":12,"column":0},"end":{"line":195,"column":5}},"2":{"start":{"line":14,"column":4},"end":{"line":14,"column":14}},"3":{"start":{"line":19,"column":4},"end":{"line":56,"column":9}},"4":{"start":{"line":21,"column":8},"end":{"line":21,"column":19}},"5":{"start":{"line":23,"column":8},"end":{"line":35,"column":13}},"6":{"start":{"line":24,"column":12},"end":{"line":34,"column":13}},"7":{"start":{"line":25,"column":16},"end":{"line":28,"column":30}},"8":{"start":{"line":30,"column":16},"end":{"line":33,"column":27}},"9":{"start":{"line":37,"column":8},"end":{"line":39,"column":21}},"10":{"start":{"line":40,"column":8},"end":{"line":53,"column":9}},"11":{"start":{"line":43,"column":12},"end":{"line":46,"column":14}},"12":{"start":{"line":47,"column":12},"end":{"line":47,"column":18}},"13":{"start":{"line":50,"column":12},"end":{"line":51,"column":33}},"14":{"start":{"line":52,"column":12},"end":{"line":52,"column":18}},"15":{"start":{"line":55,"column":8},"end":{"line":55,"column":35}},"16":{"start":{"line":61,"column":4},"end":{"line":63,"column":9}},"17":{"start":{"line":62,"column":8},"end":{"line":62,"column":15}},"18":{"start":{"line":64,"column":4},"end":{"line":77,"column":5}},"19":{"start":{"line":70,"column":8},"end":{"line":70,"column":14}},"20":{"start":{"line":76,"column":8},"end":{"line":76,"column":14}},"21":{"start":{"line":82,"column":4},"end":{"line":84,"column":9}},"22":{"start":{"line":83,"column":8},"end":{"line":83,"column":15}},"23":{"start":{"line":85,"column":4},"end":{"line":194,"column":5}},"24":{"start":{"line":91,"column":8},"end":{"line":99,"column":10}},"25":{"start":{"line":98,"column":12},"end":{"line":98,"column":35}},"26":{"start":{"line":102,"column":8},"end":{"line":104,"column":63}},"27":{"start":{"line":105,"column":8},"end":{"line":105,"column":14}},"28":{"start":{"line":112,"column":8},"end":{"line":121,"column":10},"skip":true},"29":{"start":{"line":119,"column":12},"end":{"line":119,"column":55},"skip":true},"30":{"start":{"line":120,"column":12},"end":{"line":120,"column":48},"skip":true},"31":{"start":{"line":123,"column":8},"end":{"line":136,"column":10},"skip":true},"32":{"start":{"line":130,"column":12},"end":{"line":130,"column":76},"skip":true},"33":{"start":{"line":131,"column":12},"end":{"line":131,"column":73},"skip":true},"34":{"start":{"line":132,"column":12},"end":{"line":132,"column":74},"skip":true},"35":{"start":{"line":133,"column":12},"end":{"line":133,"column":79},"skip":true},"36":{"start":{"line":134,"column":12},"end":{"line":134,"column":25},"skip":true},"37":{"start":{"line":135,"column":12},"end":{"line":135,"column":45},"skip":true},"38":{"start":{"line":138,"column":8},"end":{"line":145,"column":14},"skip":true},"39":{"start":{"line":143,"column":16},"end":{"line":143,"column":29},"skip":true},"40":{"start":{"line":144,"column":16},"end":{"line":144,"column":55},"skip":true},"41":{"start":{"line":147,"column":8},"end":{"line":156,"column":10},"skip":true},"42":{"start":{"line":154,"column":12},"end":{"line":154,"column":25},"skip":true},"43":{"start":{"line":155,"column":12},"end":{"line":155,"column":45},"skip":true},"44":{"start":{"line":158,"column":8},"end":{"line":167,"column":10},"skip":true},"45":{"start":{"line":165,"column":12},"end":{"line":165,"column":25},"skip":true},"46":{"start":{"line":166,"column":12},"end":{"line":166,"column":48},"skip":true},"47":{"start":{"line":169,"column":8},"end":{"line":178,"column":10},"skip":true},"48":{"start":{"line":176,"column":12},"end":{"line":176,"column":25},"skip":true},"49":{"start":{"line":177,"column":12},"end":{"line":177,"column":46},"skip":true},"50":{"start":{"line":180,"column":8},"end":{"line":189,"column":10},"skip":true},"51":{"start":{"line":187,"column":12},"end":{"line":187,"column":94},"skip":true},"52":{"start":{"line":188,"column":12},"end":{"line":188,"column":48},"skip":true},"53":{"start":{"line":192,"column":8},"end":{"line":192,"column":35},"skip":true},"54":{"start":{"line":193,"column":8},"end":{"line":193,"column":14},"skip":true}},"branchMap":{"1":{"line":25,"type":"binary-expr","locations":[{"start":{"line":25,"column":23},"end":{"line":25,"column":62}},{"start":{"line":26,"column":20},"end":{"line":26,"column":70}},{"start":{"line":27,"column":20},"end":{"line":27,"column":71}},{"start":{"line":28,"column":20},"end":{"line":28,"column":29}}]},"2":{"line":30,"type":"binary-expr","locations":[{"start":{"line":30,"column":23},"end":{"line":30,"column":37}},{"start":{"line":31,"column":20},"end":{"line":31,"column":61}},{"start":{"line":32,"column":20},"end":{"line":32,"column":70}},{"start":{"line":33,"column":20},"end":{"line":33,"column":26}}]},"3":{"line":37,"type":"cond-expr","locations":[{"start":{"line":38,"column":14},"end":{"line":38,"column":20}},{"start":{"line":39,"column":14},"end":{"line":39,"column":20}}]},"4":{"line":40,"type":"switch","locations":[{"start":{"line":42,"column":8},"end":{"line":47,"column":18}},{"start":{"line":49,"column":8},"end":{"line":52,"column":18}}]},"5":{"line":44,"type":"binary-expr","locations":[{"start":{"line":44,"column":16},"end":{"line":44,"column":44}},{"start":{"line":44,"column":48},"end":{"line":44,"column":66}}]},"6":{"line":50,"type":"binary-expr","locations":[{"start":{"line":50,"column":21},"end":{"line":50,"column":49}},{"start":{"line":50,"column":53},"end":{"line":50,"column":72}}]},"7":{"line":64,"type":"switch","locations":[{"start":{"line":69,"column":4},"end":{"line":70,"column":14}},{"start":{"line":75,"column":4},"end":{"line":76,"column":14}}]},"8":{"line":85,"type":"switch","locations":[{"start":{"line":90,"column":4},"end":{"line":105,"column":14}},{"start":{"line":111,"column":4},"end":{"line":193,"column":14},"skip":true}]},"9":{"line":91,"type":"binary-expr","locations":[{"start":{"line":91,"column":42},"end":{"line":91,"column":73}},{"start":{"line":91,"column":77},"end":{"line":99,"column":9}}]},"10":{"line":102,"type":"binary-expr","locations":[{"start":{"line":102,"column":18},"end":{"line":102,"column":32}},{"start":{"line":103,"column":12},"end":{"line":103,"column":53}},{"start":{"line":104,"column":12},"end":{"line":104,"column":61}}]},"11":{"line":112,"type":"binary-expr","locations":[{"start":{"line":112,"column":45},"end":{"line":112,"column":79},"skip":true},{"start":{"line":112,"column":83},"end":{"line":121,"column":9},"skip":true}]},"12":{"line":123,"type":"binary-expr","locations":[{"start":{"line":123,"column":42},"end":{"line":123,"column":73},"skip":true},{"start":{"line":123,"column":77},"end":{"line":136,"column":9},"skip":true}]},"13":{"line":138,"type":"binary-expr","locations":[{"start":{"line":138,"column":48},"end":{"line":138,"column":85},"skip":true},{"start":{"line":139,"column":12},"end":{"line":145,"column":13},"skip":true}]},"14":{"line":147,"type":"binary-expr","locations":[{"start":{"line":147,"column":42},"end":{"line":147,"column":73},"skip":true},{"start":{"line":147,"column":77},"end":{"line":156,"column":9},"skip":true}]},"15":{"line":158,"type":"binary-expr","locations":[{"start":{"line":158,"column":45},"end":{"line":158,"column":79},"skip":true},{"start":{"line":158,"column":83},"end":{"line":167,"column":9},"skip":true}]},"16":{"line":169,"type":"binary-expr","locations":[{"start":{"line":169,"column":43},"end":{"line":169,"column":75},"skip":true},{"start":{"line":169,"column":79},"end":{"line":178,"column":9},"skip":true}]},"17":{"line":180,"type":"binary-expr","locations":[{"start":{"line":180,"column":41},"end":{"line":180,"column":71},"skip":true},{"start":{"line":180,"column":75},"end":{"line":189,"column":9},"skip":true}]}},"code":["/* istanbul instrument in package npmtest_pigato */","/*jslint","    bitwise: true,","    browser: true,","    maxerr: 8,","    maxlen: 96,","    node: true,","    nomen: true,","    regexp: true,","    stupid: true","*/","(function () {","    'use strict';","    var local;","","","","    // run shared js-env code - init-before","    (function () {","        // init local","        local = {};","        // init modeJs","        local.modeJs = (function () {","            try {","                return typeof navigator.userAgent === 'string' &&","                    typeof document.querySelector('body') === 'object' &&","                    typeof XMLHttpRequest.prototype.open === 'function' &&","                    'browser';","            } catch (errorCaughtBrowser) {","                return module.exports &&","                    typeof process.versions.node === 'string' &&","                    typeof require('http').createServer === 'function' &&","                    'node';","            }","        }());","        // init global","        local.global = local.modeJs === 'browser'","            ? window","            : global;","        switch (local.modeJs) {","        // re-init local from window.local","        case 'browser':","            local = local.global.utility2.objectSetDefault(","                local.global.utility2_rollup || local.global.local,","                local.global.utility2","            );","            break;","        // re-init local from example.js","        case 'node':","            local = (local.global.utility2_rollup || require('utility2'))","                .requireReadme();","            break;","        }","        // export local","        local.global.local = local;","    }());","","","","    // run shared js-env code - function","    (function () {","        return;","    }());","    switch (local.modeJs) {","","","","    // run browser js-env code - function","    case 'browser':","        break;","","","","    // run node js-env code - function","    case 'node':","        break;","    }","","","","    // run shared js-env code - init-after","    (function () {","        return;","    }());","    switch (local.modeJs) {","","","","    // run browser js-env code - init-after","    case 'browser':","        local.testCase_browser_nullCase = local.testCase_browser_nullCase || function (","            options,","            onError","        ) {","        /*","         * this function will test browsers's null-case handling-behavior-behavior","         */","            onError(null, options);","        };","","        // run tests","        local.nop(local.modeTest &&","            document.querySelector('#testRunButton1') &&","            document.querySelector('#testRunButton1').click());","        break;","","","","    // run node js-env code - init-after","    /* istanbul ignore next */","    case 'node':","        local.testCase_buildApidoc_default = local.testCase_buildApidoc_default || function (","            options,","            onError","        ) {","        /*","         * this function will test buildApidoc's default handling-behavior-behavior","         */","            options = { modulePathList: module.paths };","            local.buildApidoc(options, onError);","        };","","        local.testCase_buildApp_default = local.testCase_buildApp_default || function (","            options,","            onError","        ) {","        /*","         * this function will test buildApp's default handling-behavior-behavior","         */","            local.testCase_buildReadme_default(options, local.onErrorThrow);","            local.testCase_buildLib_default(options, local.onErrorThrow);","            local.testCase_buildTest_default(options, local.onErrorThrow);","            local.testCase_buildCustomOrg_default(options, local.onErrorThrow);","            options = [];","            local.buildApp(options, onError);","        };","","        local.testCase_buildCustomOrg_default = local.testCase_buildCustomOrg_default ||","            function (options, onError) {","            /*","             * this function will test buildCustomOrg's default handling-behavior","             */","                options = {};","                local.buildCustomOrg(options, onError);","            };","","        local.testCase_buildLib_default = local.testCase_buildLib_default || function (","            options,","            onError","        ) {","        /*","         * this function will test buildLib's default handling-behavior","         */","            options = {};","            local.buildLib(options, onError);","        };","","        local.testCase_buildReadme_default = local.testCase_buildReadme_default || function (","            options,","            onError","        ) {","        /*","         * this function will test buildReadme's default handling-behavior-behavior","         */","            options = {};","            local.buildReadme(options, onError);","        };","","        local.testCase_buildTest_default = local.testCase_buildTest_default || function (","            options,","            onError","        ) {","        /*","         * this function will test buildTest's default handling-behavior","         */","            options = {};","            local.buildTest(options, onError);","        };","","        local.testCase_webpage_default = local.testCase_webpage_default || function (","            options,","            onError","        ) {","        /*","         * this function will test webpage's default handling-behavior","         */","            options = { modeCoverageMerge: true, url: local.serverLocalHost + '?modeTest=1' };","            local.browserTest(options, onError);","        };","","        // run test-server","        local.testRunServer(local);","        break;","    }","}());",""],"l":{"12":2,"14":2,"19":2,"21":2,"23":2,"24":2,"25":2,"30":1,"37":2,"40":2,"43":1,"47":1,"50":1,"52":1,"55":2,"61":2,"62":2,"64":2,"70":1,"76":1,"82":2,"83":2,"85":2,"91":1,"98":1,"102":1,"105":1,"112":1,"119":1,"120":1,"123":1,"130":1,"131":1,"132":1,"133":1,"134":1,"135":1,"138":1,"143":2,"144":2,"147":1,"154":2,"155":2,"158":1,"165":2,"166":2,"169":1,"176":2,"177":2,"180":1,"187":1,"188":1,"192":1,"193":1}},"/home/travis/build/npmtest/node-npmtest-pigato/lib.npmtest_pigato.js":{"path":"/home/travis/build/npmtest/node-npmtest-pigato/lib.npmtest_pigato.js","s":{"1":2,"2":2,"3":2,"4":2,"5":2,"6":2,"7":2,"8":1,"9":2,"10":2,"11":2,"12":2,"13":1,"14":1,"15":1,"16":1},"b":{"1":[2,1,1,1],"2":[1,1,1,1],"3":[1,1],"4":[2,2],"5":[1,1]},"f":{"1":2,"2":2,"3":2},"fnMap":{"1":{"name":"(anonymous_1)","line":12,"loc":{"start":{"line":12,"column":1},"end":{"line":12,"column":13}}},"2":{"name":"(anonymous_2)","line":19,"loc":{"start":{"line":19,"column":5},"end":{"line":19,"column":17}}},"3":{"name":"(anonymous_3)","line":23,"loc":{"start":{"line":23,"column":24},"end":{"line":23,"column":36}}}},"statementMap":{"1":{"start":{"line":12,"column":0},"end":{"line":53,"column":5}},"2":{"start":{"line":14,"column":4},"end":{"line":14,"column":14}},"3":{"start":{"line":19,"column":4},"end":{"line":52,"column":9}},"4":{"start":{"line":21,"column":8},"end":{"line":21,"column":19}},"5":{"start":{"line":23,"column":8},"end":{"line":35,"column":13}},"6":{"start":{"line":24,"column":12},"end":{"line":34,"column":13}},"7":{"start":{"line":25,"column":16},"end":{"line":28,"column":30}},"8":{"start":{"line":30,"column":16},"end":{"line":33,"column":27}},"9":{"start":{"line":37,"column":8},"end":{"line":39,"column":21}},"10":{"start":{"line":41,"column":8},"end":{"line":41,"column":54}},"11":{"start":{"line":43,"column":8},"end":{"line":43,"column":51}},"12":{"start":{"line":45,"column":8},"end":{"line":51,"column":9}},"13":{"start":{"line":46,"column":12},"end":{"line":46,"column":57}},"14":{"start":{"line":48,"column":12},"end":{"line":48,"column":35}},"15":{"start":{"line":49,"column":12},"end":{"line":49,"column":49}},"16":{"start":{"line":50,"column":12},"end":{"line":50,"column":43}}},"branchMap":{"1":{"line":25,"type":"binary-expr","locations":[{"start":{"line":25,"column":23},"end":{"line":25,"column":62}},{"start":{"line":26,"column":20},"end":{"line":26,"column":70}},{"start":{"line":27,"column":20},"end":{"line":27,"column":71}},{"start":{"line":28,"column":20},"end":{"line":28,"column":29}}]},"2":{"line":30,"type":"binary-expr","locations":[{"start":{"line":30,"column":23},"end":{"line":30,"column":37}},{"start":{"line":31,"column":20},"end":{"line":31,"column":61}},{"start":{"line":32,"column":20},"end":{"line":32,"column":70}},{"start":{"line":33,"column":20},"end":{"line":33,"column":26}}]},"3":{"line":37,"type":"cond-expr","locations":[{"start":{"line":38,"column":14},"end":{"line":38,"column":20}},{"start":{"line":39,"column":14},"end":{"line":39,"column":20}}]},"4":{"line":41,"type":"binary-expr","locations":[{"start":{"line":41,"column":16},"end":{"line":41,"column":44}},{"start":{"line":41,"column":48},"end":{"line":41,"column":53}}]},"5":{"line":45,"type":"if","locations":[{"start":{"line":45,"column":8},"end":{"line":45,"column":8}},{"start":{"line":45,"column":8},"end":{"line":45,"column":8}}]}},"code":["/* istanbul instrument in package npmtest_pigato */","/*jslint","    bitwise: true,","    browser: true,","    maxerr: 8,","    maxlen: 96,","    node: true,","    nomen: true,","    regexp: true,","    stupid: true","*/","(function () {","    'use strict';","    var local;","","","","    // run shared js-env code - init-before","    (function () {","        // init local","        local = {};","        // init modeJs","        local.modeJs = (function () {","            try {","                return typeof navigator.userAgent === 'string' &&","                    typeof document.querySelector('body') === 'object' &&","                    typeof XMLHttpRequest.prototype.open === 'function' &&","                    'browser';","            } catch (errorCaughtBrowser) {","                return module.exports &&","                    typeof process.versions.node === 'string' &&","                    typeof require('http').createServer === 'function' &&","                    'node';","            }","        }());","        // init global","        local.global = local.modeJs === 'browser'","            ? window","            : global;","        // init utility2_rollup","        local = local.global.utility2_rollup || local;","        // init lib","        local.local = local.npmtest_pigato = local;","        // init exports","        if (local.modeJs === 'browser') {","            local.global.utility2_npmtest_pigato = local;","        } else {","            module.exports = local;","            module.exports.__dirname = __dirname;","            module.exports.module = module;","        }","    }());","}());",""],"l":{"12":2,"14":2,"19":2,"21":2,"23":2,"24":2,"25":2,"30":1,"37":2,"41":2,"43":2,"45":2,"46":1,"48":1,"49":1,"50":1}},"/home/travis/build/npmtest/node-npmtest-pigato/example.js":{"path":"/home/travis/build/npmtest/node-npmtest-pigato/example.js","s":{"1":2,"2":2,"3":2,"4":2,"5":2,"6":2,"7":2,"8":1,"9":2,"10":2,"11":2,"12":2,"13":1,"14":2,"15":2,"16":2,"17":2,"18":2,"19":0,"20":2,"21":1,"22":1,"23":1,"24":1,"25":1,"26":0,"27":0,"28":1,"29":1,"30":2,"31":0,"32":0,"33":0,"34":1,"35":2,"36":2,"37":3,"38":3,"39":3,"40":3,"41":0,"42":3,"43":3,"44":3,"45":1,"46":3,"47":1,"48":1,"49":1,"50":1,"51":1,"52":1,"53":1,"54":1,"55":1,"56":1,"57":0,"58":1,"59":6,"60":6,"61":1,"62":2,"63":0,"64":2,"65":1,"66":1,"67":0,"68":0,"69":0,"70":0,"71":0,"72":0,"73":0,"74":0,"75":0,"76":0,"77":0,"78":0,"79":0,"80":0,"81":0,"82":0,"83":0},"b":{"1":[2,1,1,1],"2":[1,1,1,1],"3":[1,1],"4":[2,2],"5":[1,1],"6":[1,1],"7":[2,0],"8":[2,1,1,1,1,1],"9":[0,2,0],"10":[1,1],"11":[2,1,1],"12":[1,0],"13":[0,2],"14":[2,0,0,0,0,0,0],"15":[0,3],"16":[3,0],"17":[1,1],"18":[0,1],"19":[1,2,0,2],"20":[1,0],"21":[1,1],"22":[0,0],"23":[0,0],"24":[0,0],"25":[0,0],"26":[0,0],"27":[0,0],"28":[0,0]},"f":{"1":2,"2":2,"3":2,"4":2,"5":2,"6":2,"7":3,"8":3,"9":3,"10":1,"11":6,"12":0},"fnMap":{"1":{"name":"(anonymous_1)","line":26,"loc":{"start":{"line":26,"column":1},"end":{"line":26,"column":13}}},"2":{"name":"(anonymous_2)","line":33,"loc":{"start":{"line":33,"column":5},"end":{"line":33,"column":17}}},"3":{"name":"(anonymous_3)","line":37,"loc":{"start":{"line":37,"column":24},"end":{"line":37,"column":36}}},"4":{"name":"(anonymous_4)","line":69,"loc":{"start":{"line":69,"column":31},"end":{"line":69,"column":48}},"skip":true},"5":{"name":"(anonymous_5)","line":78,"loc":{"start":{"line":78,"column":26},"end":{"line":78,"column":45}},"skip":true},"6":{"name":"(anonymous_6)","line":123,"loc":{"start":{"line":123,"column":33},"end":{"line":123,"column":48}},"skip":true},"7":{"name":"(anonymous_7)","line":125,"loc":{"start":{"line":125,"column":27},"end":{"line":125,"column":39}},"skip":true},"8":{"name":"(anonymous_8)","line":133,"loc":{"start":{"line":133,"column":59},"end":{"line":133,"column":74}},"skip":true},"9":{"name":"(anonymous_9)","line":143,"loc":{"start":{"line":143,"column":45},"end":{"line":143,"column":62}},"skip":true},"10":{"name":"(anonymous_10)","line":144,"loc":{"start":{"line":144,"column":73},"end":{"line":144,"column":92}},"skip":true},"11":{"name":"(anonymous_11)","line":272,"loc":{"start":{"line":272,"column":51},"end":{"line":272,"column":77}},"skip":true},"12":{"name":"(anonymous_12)","line":315,"loc":{"start":{"line":315,"column":32},"end":{"line":315,"column":61}},"skip":true}},"statementMap":{"1":{"start":{"line":26,"column":0},"end":{"line":326,"column":5}},"2":{"start":{"line":28,"column":4},"end":{"line":28,"column":14}},"3":{"start":{"line":33,"column":4},"end":{"line":60,"column":9}},"4":{"start":{"line":35,"column":8},"end":{"line":35,"column":19}},"5":{"start":{"line":37,"column":8},"end":{"line":49,"column":13}},"6":{"start":{"line":38,"column":12},"end":{"line":48,"column":13}},"7":{"start":{"line":39,"column":16},"end":{"line":42,"column":30}},"8":{"start":{"line":44,"column":16},"end":{"line":47,"column":27}},"9":{"start":{"line":51,"column":8},"end":{"line":53,"column":21}},"10":{"start":{"line":55,"column":8},"end":{"line":57,"column":45}},"11":{"start":{"line":59,"column":8},"end":{"line":59,"column":35}},"12":{"start":{"line":61,"column":4},"end":{"line":325,"column":5}},"13":{"start":{"line":69,"column":8},"end":{"line":121,"column":10},"skip":true},"14":{"start":{"line":70,"column":12},"end":{"line":88,"column":13},"skip":true},"15":{"start":{"line":76,"column":16},"end":{"line":87,"column":19},"skip":true},"16":{"start":{"line":79,"column":20},"end":{"line":86,"column":21},"skip":true},"17":{"start":{"line":82,"column":24},"end":{"line":82,"column":43},"skip":true},"18":{"start":{"line":83,"column":24},"end":{"line":83,"column":30},"skip":true},"19":{"start":{"line":85,"column":24},"end":{"line":85,"column":49},"skip":true},"20":{"start":{"line":89,"column":12},"end":{"line":107,"column":13},"skip":true},"21":{"start":{"line":92,"column":16},"end":{"line":102,"column":17},"skip":true},"22":{"start":{"line":93,"column":20},"end":{"line":93,"column":86},"skip":true},"23":{"start":{"line":94,"column":20},"end":{"line":95,"column":45},"skip":true},"24":{"start":{"line":96,"column":20},"end":{"line":96,"column":42},"skip":true},"25":{"start":{"line":97,"column":20},"end":{"line":97,"column":48},"skip":true},"26":{"start":{"line":100,"column":20},"end":{"line":100,"column":85},"skip":true},"27":{"start":{"line":101,"column":20},"end":{"line":101,"column":96},"skip":true},"28":{"start":{"line":103,"column":16},"end":{"line":103,"column":22},"skip":true},"29":{"start":{"line":106,"column":16},"end":{"line":106,"column":22},"skip":true},"30":{"start":{"line":108,"column":12},"end":{"line":120,"column":13},"skip":true},"31":{"start":{"line":114,"column":16},"end":{"line":119,"column":17},"skip":true},"32":{"start":{"line":116,"column":20},"end":{"line":116,"column":78},"skip":true},"33":{"start":{"line":118,"column":20},"end":{"line":118,"column":47},"skip":true},"34":{"start":{"line":123,"column":8},"end":{"line":141,"column":11},"skip":true},"35":{"start":{"line":124,"column":12},"end":{"line":124,"column":54},"skip":true},"36":{"start":{"line":125,"column":12},"end":{"line":140,"column":14},"skip":true},"37":{"start":{"line":126,"column":16},"end":{"line":126,"column":28},"skip":true},"38":{"start":{"line":127,"column":16},"end":{"line":127,"column":69},"skip":true},"39":{"start":{"line":128,"column":16},"end":{"line":128,"column":75},"skip":true},"40":{"start":{"line":129,"column":16},"end":{"line":131,"column":17},"skip":true},"41":{"start":{"line":130,"column":20},"end":{"line":130,"column":27},"skip":true},"42":{"start":{"line":133,"column":16},"end":{"line":137,"column":36},"skip":true},"43":{"start":{"line":134,"column":20},"end":{"line":136,"column":55},"skip":true},"44":{"start":{"line":139,"column":16},"end":{"line":139,"column":57},"skip":true},"45":{"start":{"line":143,"column":8},"end":{"line":147,"column":11},"skip":true},"46":{"start":{"line":144,"column":12},"end":{"line":146,"column":15},"skip":true},"47":{"start":{"line":145,"column":16},"end":{"line":145,"column":70},"skip":true},"48":{"start":{"line":149,"column":8},"end":{"line":149,"column":31},"skip":true},"49":{"start":{"line":150,"column":8},"end":{"line":150,"column":14},"skip":true},"50":{"start":{"line":158,"column":8},"end":{"line":158,"column":31},"skip":true},"51":{"start":{"line":160,"column":8},"end":{"line":160,"column":33},"skip":true},"52":{"start":{"line":161,"column":8},"end":{"line":161,"column":37},"skip":true},"53":{"start":{"line":162,"column":8},"end":{"line":162,"column":35},"skip":true},"54":{"start":{"line":164,"column":8},"end":{"line":164,"column":50},"skip":true},"55":{"start":{"line":166,"column":8},"end":{"line":256,"column":2},"skip":true},"56":{"start":{"line":258,"column":8},"end":{"line":286,"column":9},"skip":true},"57":{"start":{"line":259,"column":12},"end":{"line":269,"column":14},"skip":true},"58":{"start":{"line":271,"column":12},"end":{"line":285,"column":19},"skip":true},"59":{"start":{"line":274,"column":20},"end":{"line":274,"column":35},"skip":true},"60":{"start":{"line":275,"column":20},"end":{"line":284,"column":21},"skip":true},"61":{"start":{"line":277,"column":24},"end":{"line":277,"column":64},"skip":true},"62":{"start":{"line":279,"column":24},"end":{"line":279,"column":40},"skip":true},"63":{"start":{"line":281,"column":24},"end":{"line":281,"column":40},"skip":true},"64":{"start":{"line":283,"column":24},"end":{"line":283,"column":39},"skip":true},"65":{"start":{"line":288,"column":8},"end":{"line":290,"column":9},"skip":true},"66":{"start":{"line":289,"column":12},"end":{"line":289,"column":18},"skip":true},"67":{"start":{"line":291,"column":8},"end":{"line":293,"column":54},"skip":true},"68":{"start":{"line":296,"column":8},"end":{"line":301,"column":37},"skip":true},"69":{"start":{"line":303,"column":8},"end":{"line":303,"column":82},"skip":true},"70":{"start":{"line":306,"column":8},"end":{"line":308,"column":9},"skip":true},"71":{"start":{"line":307,"column":12},"end":{"line":307,"column":82},"skip":true},"72":{"start":{"line":310,"column":8},"end":{"line":312,"column":9},"skip":true},"73":{"start":{"line":311,"column":12},"end":{"line":311,"column":18},"skip":true},"74":{"start":{"line":313,"column":8},"end":{"line":313,"column":54},"skip":true},"75":{"start":{"line":314,"column":8},"end":{"line":314,"column":69},"skip":true},"76":{"start":{"line":315,"column":8},"end":{"line":323,"column":36},"skip":true},"77":{"start":{"line":316,"column":12},"end":{"line":316,"column":61},"skip":true},"78":{"start":{"line":317,"column":12},"end":{"line":320,"column":13},"skip":true},"79":{"start":{"line":318,"column":16},"end":{"line":318,"column":75},"skip":true},"80":{"start":{"line":319,"column":16},"end":{"line":319,"column":23},"skip":true},"81":{"start":{"line":321,"column":12},"end":{"line":321,"column":38},"skip":true},"82":{"start":{"line":322,"column":12},"end":{"line":322,"column":27},"skip":true},"83":{"start":{"line":324,"column":8},"end":{"line":324,"column":14},"skip":true}},"branchMap":{"1":{"line":39,"type":"binary-expr","locations":[{"start":{"line":39,"column":23},"end":{"line":39,"column":62}},{"start":{"line":40,"column":20},"end":{"line":40,"column":70}},{"start":{"line":41,"column":20},"end":{"line":41,"column":71}},{"start":{"line":42,"column":20},"end":{"line":42,"column":29}}]},"2":{"line":44,"type":"binary-expr","locations":[{"start":{"line":44,"column":23},"end":{"line":44,"column":37}},{"start":{"line":45,"column":20},"end":{"line":45,"column":61}},{"start":{"line":46,"column":20},"end":{"line":46,"column":70}},{"start":{"line":47,"column":20},"end":{"line":47,"column":26}}]},"3":{"line":51,"type":"cond-expr","locations":[{"start":{"line":52,"column":14},"end":{"line":52,"column":20}},{"start":{"line":53,"column":14},"end":{"line":53,"column":20}}]},"4":{"line":55,"type":"binary-expr","locations":[{"start":{"line":55,"column":16},"end":{"line":55,"column":44}},{"start":{"line":55,"column":49},"end":{"line":57,"column":43}}]},"5":{"line":55,"type":"cond-expr","locations":[{"start":{"line":56,"column":14},"end":{"line":56,"column":50}},{"start":{"line":57,"column":14},"end":{"line":57,"column":43}}]},"6":{"line":61,"type":"switch","locations":[{"start":{"line":68,"column":4},"end":{"line":150,"column":14},"skip":true},{"start":{"line":156,"column":4},"end":{"line":324,"column":14},"skip":true}]},"7":{"line":70,"type":"if","locations":[{"start":{"line":70,"column":12},"end":{"line":70,"column":12},"skip":true},{"start":{"line":70,"column":12},"end":{"line":70,"column":12},"skip":true}]},"8":{"line":70,"type":"binary-expr","locations":[{"start":{"line":70,"column":16},"end":{"line":70,"column":22},"skip":true},{"start":{"line":70,"column":27},"end":{"line":70,"column":32},"skip":true},{"start":{"line":71,"column":20},"end":{"line":71,"column":39},"skip":true},{"start":{"line":72,"column":20},"end":{"line":72,"column":49},"skip":true},{"start":{"line":73,"column":20},"end":{"line":73,"column":58},"skip":true},{"start":{"line":74,"column":20},"end":{"line":74,"column":69},"skip":true}]},"9":{"line":79,"type":"switch","locations":[{"start":{"line":80,"column":20},"end":{"line":80,"column":33},"skip":true},{"start":{"line":81,"column":20},"end":{"line":83,"column":30},"skip":true},{"start":{"line":84,"column":20},"end":{"line":85,"column":49},"skip":true}]},"10":{"line":89,"type":"switch","locations":[{"start":{"line":90,"column":12},"end":{"line":103,"column":22},"skip":true},{"start":{"line":105,"column":12},"end":{"line":106,"column":22},"skip":true}]},"11":{"line":89,"type":"binary-expr","locations":[{"start":{"line":89,"column":20},"end":{"line":89,"column":25},"skip":true},{"start":{"line":89,"column":29},"end":{"line":89,"column":48},"skip":true},{"start":{"line":89,"column":52},"end":{"line":89,"column":74},"skip":true}]},"12":{"line":92,"type":"if","locations":[{"start":{"line":92,"column":16},"end":{"line":92,"column":16},"skip":true},{"start":{"line":92,"column":16},"end":{"line":92,"column":16},"skip":true}]},"13":{"line":108,"type":"if","locations":[{"start":{"line":108,"column":12},"end":{"line":108,"column":12},"skip":true},{"start":{"line":108,"column":12},"end":{"line":108,"column":12},"skip":true}]},"14":{"line":108,"type":"binary-expr","locations":[{"start":{"line":108,"column":16},"end":{"line":108,"column":61},"skip":true},{"start":{"line":108,"column":66},"end":{"line":108,"column":72},"skip":true},{"start":{"line":108,"column":77},"end":{"line":108,"column":82},"skip":true},{"start":{"line":109,"column":20},"end":{"line":109,"column":39},"skip":true},{"start":{"line":110,"column":20},"end":{"line":110,"column":49},"skip":true},{"start":{"line":111,"column":20},"end":{"line":111,"column":58},"skip":true},{"start":{"line":112,"column":20},"end":{"line":112,"column":68},"skip":true}]},"15":{"line":129,"type":"if","locations":[{"start":{"line":129,"column":16},"end":{"line":129,"column":16},"skip":true},{"start":{"line":129,"column":16},"end":{"line":129,"column":16},"skip":true}]},"16":{"line":134,"type":"cond-expr","locations":[{"start":{"line":135,"column":26},"end":{"line":135,"column":29},"skip":true},{"start":{"line":136,"column":26},"end":{"line":136,"column":54},"skip":true}]},"17":{"line":164,"type":"binary-expr","locations":[{"start":{"line":164,"column":27},"end":{"line":164,"column":43},"skip":true},{"start":{"line":164,"column":47},"end":{"line":164,"column":49},"skip":true}]},"18":{"line":258,"type":"if","locations":[{"start":{"line":258,"column":8},"end":{"line":258,"column":8},"skip":true},{"start":{"line":258,"column":8},"end":{"line":258,"column":8},"skip":true}]},"19":{"line":275,"type":"switch","locations":[{"start":{"line":276,"column":20},"end":{"line":277,"column":64},"skip":true},{"start":{"line":278,"column":20},"end":{"line":279,"column":40},"skip":true},{"start":{"line":280,"column":20},"end":{"line":281,"column":40},"skip":true},{"start":{"line":282,"column":20},"end":{"line":283,"column":39},"skip":true}]},"20":{"line":288,"type":"if","locations":[{"start":{"line":288,"column":8},"end":{"line":288,"column":8},"skip":true},{"start":{"line":288,"column":8},"end":{"line":288,"column":8},"skip":true}]},"21":{"line":288,"type":"binary-expr","locations":[{"start":{"line":288,"column":12},"end":{"line":288,"column":40},"skip":true},{"start":{"line":288,"column":44},"end":{"line":288,"column":67},"skip":true}]},"22":{"line":292,"type":"binary-expr","locations":[{"start":{"line":292,"column":12},"end":{"line":292,"column":50},"skip":true},{"start":{"line":293,"column":12},"end":{"line":293,"column":53},"skip":true}]},"23":{"line":297,"type":"binary-expr","locations":[{"start":{"line":297,"column":12},"end":{"line":297,"column":64},"skip":true},{"start":{"line":298,"column":12},"end":{"line":301,"column":36},"skip":true}]},"24":{"line":303,"type":"binary-expr","locations":[{"start":{"line":303,"column":43},"end":{"line":303,"column":75},"skip":true},{"start":{"line":303,"column":79},"end":{"line":303,"column":81},"skip":true}]},"25":{"line":306,"type":"if","locations":[{"start":{"line":306,"column":8},"end":{"line":306,"column":8},"skip":true},{"start":{"line":306,"column":8},"end":{"line":306,"column":8},"skip":true}]},"26":{"line":310,"type":"if","locations":[{"start":{"line":310,"column":8},"end":{"line":310,"column":8},"skip":true},{"start":{"line":310,"column":8},"end":{"line":310,"column":8},"skip":true}]},"27":{"line":313,"type":"binary-expr","locations":[{"start":{"line":313,"column":27},"end":{"line":313,"column":43},"skip":true},{"start":{"line":313,"column":47},"end":{"line":313,"column":53},"skip":true}]},"28":{"line":317,"type":"if","locations":[{"start":{"line":317,"column":12},"end":{"line":317,"column":12},"skip":true},{"start":{"line":317,"column":12},"end":{"line":317,"column":12},"skip":true}]}},"code":["/*","example.js","","quickstart example","","instruction","    1. save this script as example.js","    2. run the shell command:","        $ npm install npmtest-pigato && PORT=8081 node example.js","    3. play with the browser-demo on http://127.0.0.1:8081","*/","","","","/* istanbul instrument in package npmtest_pigato */","/*jslint","    bitwise: true,","    browser: true,","    maxerr: 8,","    maxlen: 96,","    node: true,","    nomen: true,","    regexp: true,","    stupid: true","*/","(function () {","    'use strict';","    var local;","","","","    // run shared js-env code - init-before","    (function () {","        // init local","        local = {};","        // init modeJs","        local.modeJs = (function () {","            try {","                return typeof navigator.userAgent === 'string' &&","                    typeof document.querySelector('body') === 'object' &&","                    typeof XMLHttpRequest.prototype.open === 'function' &&","                    'browser';","            } catch (errorCaughtBrowser) {","                return module.exports &&","                    typeof process.versions.node === 'string' &&","                    typeof require('http').createServer === 'function' &&","                    'node';","            }","        }());","        // init global","        local.global = local.modeJs === 'browser'","            ? window","            : global;","        // init utility2_rollup","        local = local.global.utility2_rollup || (local.modeJs === 'browser'","            ? local.global.utility2_npmtest_pigato","            : global.utility2_moduleExports);","        // export local","        local.global.local = local;","    }());","    switch (local.modeJs) {","","","","    // init-after","    // run browser js-env code - init-after","    /* istanbul ignore next */","    case 'browser':","        local.testRunBrowser = function (event) {","            if (!event || (event &&","                    event.currentTarget &&","                    event.currentTarget.className &&","                    event.currentTarget.className.includes &&","                    event.currentTarget.className.includes('onreset'))) {","                // reset output","                Array.from(","                    document.querySelectorAll('body > .resettable')","                ).forEach(function (element) {","                    switch (element.tagName) {","                    case 'INPUT':","                    case 'TEXTAREA':","                        element.value = '';","                        break;","                    default:","                        element.textContent = '';","                    }","                });","            }","            switch (event && event.currentTarget && event.currentTarget.id) {","            case 'testRunButton1':","                // show tests","                if (document.querySelector('#testReportDiv1').style.display === 'none') {","                    document.querySelector('#testReportDiv1').style.display = 'block';","                    document.querySelector('#testRunButton1').textContent =","                        'hide internal test';","                    local.modeTest = true;","                    local.testRunDefault(local);","                // hide tests","                } else {","                    document.querySelector('#testReportDiv1').style.display = 'none';","                    document.querySelector('#testRunButton1').textContent = 'run internal test';","                }","                break;","            // custom-case","            default:","                break;","            }","            if (document.querySelector('#inputTextareaEval1') && (!event || (event &&","                    event.currentTarget &&","                    event.currentTarget.className &&","                    event.currentTarget.className.includes &&","                    event.currentTarget.className.includes('oneval')))) {","                // try to eval input-code","                try {","                    /*jslint evil: true*/","                    eval(document.querySelector('#inputTextareaEval1').value);","                } catch (errorCaught) {","                    console.error(errorCaught);","                }","            }","        };","        // log stderr and stdout to #outputTextareaStdout1","        ['error', 'log'].forEach(function (key) {","            console[key + '_original'] = console[key];","            console[key] = function () {","                var element;","                console[key + '_original'].apply(console, arguments);","                element = document.querySelector('#outputTextareaStdout1');","                if (!element) {","                    return;","                }","                // append text to #outputTextareaStdout1","                element.value += Array.from(arguments).map(function (arg) {","                    return typeof arg === 'string'","                        ? arg","                        : JSON.stringify(arg, null, 4);","                }).join(' ') + '\\n';","                // scroll textarea to bottom","                element.scrollTop = element.scrollHeight;","            };","        });","        // init event-handling","        ['change', 'click', 'keyup'].forEach(function (event) {","            Array.from(document.querySelectorAll('.on' + event)).forEach(function (element) {","                element.addEventListener(event, local.testRunBrowser);","            });","        });","        // run tests","        local.testRunBrowser();","        break;","","","","    // run node js-env code - init-after","    /* istanbul ignore next */","    case 'node':","        // export local","        module.exports = local;","        // require modules","        local.fs = require('fs');","        local.http = require('http');","        local.url = require('url');","        // init assets","        local.assetsDict = local.assetsDict || {};","        /* jslint-ignore-begin */","        local.assetsDict['/assets.index.template.html'] = '\\","<!doctype html>\\n\\","<html lang=\"en\">\\n\\","<head>\\n\\","<meta charset=\"UTF-8\">\\n\\","<meta name=\"viewport\" content=\"width=device-width, initial-scale=1\">\\n\\","<title>{{env.npm_package_name}} (v{{env.npm_package_version}})</title>\\n\\","<style>\\n\\","/*csslint\\n\\","    box-sizing: false,\\n\\","    universal-selector: false\\n\\","*/\\n\\","* {\\n\\","    box-sizing: border-box;\\n\\","}\\n\\","body {\\n\\","    background: #dde;\\n\\","    font-family: Arial, Helvetica, sans-serif;\\n\\","    margin: 2rem;\\n\\","}\\n\\","body > * {\\n\\","    margin-bottom: 1rem;\\n\\","}\\n\\",".utility2FooterDiv {\\n\\","    margin-top: 20px;\\n\\","    text-align: center;\\n\\","}\\n\\","</style>\\n\\","<style>\\n\\","/*csslint\\n\\","*/\\n\\","textarea {\\n\\","    font-family: monospace;\\n\\","    height: 10rem;\\n\\","    width: 100%;\\n\\","}\\n\\","textarea[readonly] {\\n\\","    background: #ddd;\\n\\","}\\n\\","</style>\\n\\","</head>\\n\\","<body>\\n\\","<!-- utility2-comment\\n\\","<div id=\"ajaxProgressDiv1\" style=\"background: #d00; height: 2px; left: 0; margin: 0; padding: 0; position: fixed; top: 0; transition: background 0.5s, width 1.5s; width: 25%;\"></div>\\n\\","utility2-comment -->\\n\\","<h1>\\n\\","<!-- utility2-comment\\n\\","    <a\\n\\","        {{#if env.npm_package_homepage}}\\n\\","        href=\"{{env.npm_package_homepage}}\"\\n\\","        {{/if env.npm_package_homepage}}\\n\\","        target=\"_blank\"\\n\\","    >\\n\\","utility2-comment -->\\n\\","        {{env.npm_package_name}} (v{{env.npm_package_version}})\\n\\","<!-- utility2-comment\\n\\","    </a>\\n\\","utility2-comment -->\\n\\","</h1>\\n\\","<h3>{{env.npm_package_description}}</h3>\\n\\","<!-- utility2-comment\\n\\","<h4><a download href=\"assets.app.js\">download standalone app</a></h4>\\n\\","<button class=\"onclick onreset\" id=\"testRunButton1\">run internal test</button><br>\\n\\","<div id=\"testReportDiv1\" style=\"display: none;\"></div>\\n\\","utility2-comment -->\\n\\","\\n\\","\\n\\","\\n\\","<label>stderr and stdout</label>\\n\\","<textarea class=\"resettable\" id=\"outputTextareaStdout1\" readonly></textarea>\\n\\","<!-- utility2-comment\\n\\","{{#if isRollup}}\\n\\","<script src=\"assets.app.js\"></script>\\n\\","{{#unless isRollup}}\\n\\","utility2-comment -->\\n\\","<script src=\"assets.utility2.rollup.js\"></script>\\n\\","<script src=\"jsonp.utility2._stateInit?callback=window.utility2._stateInit\"></script>\\n\\","<script src=\"assets.npmtest_pigato.rollup.js\"></script>\\n\\","<script src=\"assets.example.js\"></script>\\n\\","<script src=\"assets.test.js\"></script>\\n\\","<!-- utility2-comment\\n\\","{{/if isRollup}}\\n\\","utility2-comment -->\\n\\","<div class=\"utility2FooterDiv\">\\n\\","    [ this app was created with\\n\\","    <a href=\"https://github.com/kaizhu256/node-utility2\" target=\"_blank\">utility2</a>\\n\\","    ]\\n\\","</div>\\n\\","</body>\\n\\","</html>\\n\\","';","        /* jslint-ignore-end */","        if (local.templateRender) {","            local.assetsDict['/'] = local.templateRender(","                local.assetsDict['/assets.index.template.html'],","                {","                    env: local.objectSetDefault(local.env, {","                        npm_package_description: 'the greatest app in the world!',","                        npm_package_name: 'my-app',","                        npm_package_nameAlias: 'my_app',","                        npm_package_version: '0.0.1'","                    })","                }","            );","        } else {","            local.assetsDict['/'] = local.assetsDict['/assets.index.template.html']","                .replace((/\\{\\{env\\.(\\w+?)\\}\\}/g), function (match0, match1) {","                    // jslint-hack","                    String(match0);","                    switch (match1) {","                    case 'npm_package_description':","                        return 'the greatest app in the world!';","                    case 'npm_package_name':","                        return 'my-app';","                    case 'npm_package_nameAlias':","                        return 'my_app';","                    case 'npm_package_version':","                        return '0.0.1';","                    }","                });","        }","        // run the cli","        if (local.global.utility2_rollup || module !== require.main) {","            break;","        }","        local.assetsDict['/assets.example.js'] =","            local.assetsDict['/assets.example.js'] ||","            local.fs.readFileSync(__filename, 'utf8');","        // bug-workaround - long $npm_package_buildCustomOrg","        /* jslint-ignore-begin */","        local.assetsDict['/assets.npmtest_pigato.rollup.js'] =","            local.assetsDict['/assets.npmtest_pigato.rollup.js'] ||","            local.fs.readFileSync(","                local.npmtest_pigato.__dirname + '/lib.npmtest_pigato.js',","                'utf8'","            ).replace((/^#!/), '//');","        /* jslint-ignore-end */","        local.assetsDict['/favicon.ico'] = local.assetsDict['/favicon.ico'] || '';","        // if $npm_config_timeout_exit exists,","        // then exit this process after $npm_config_timeout_exit ms","        if (Number(process.env.npm_config_timeout_exit)) {","            setTimeout(process.exit, Number(process.env.npm_config_timeout_exit));","        }","        // start server","        if (local.global.utility2_serverHttp1) {","            break;","        }","        process.env.PORT = process.env.PORT || '8081';","        console.error('server starting on port ' + process.env.PORT);","        local.http.createServer(function (request, response) {","            request.urlParsed = local.url.parse(request.url);","            if (local.assetsDict[request.urlParsed.pathname] !== undefined) {","                response.end(local.assetsDict[request.urlParsed.pathname]);","                return;","            }","            response.statusCode = 404;","            response.end();","        }).listen(process.env.PORT);","        break;","    }","}());",""],"l":{"26":2,"28":2,"33":2,"35":2,"37":2,"38":2,"39":2,"44":1,"51":2,"55":2,"59":2,"61":2,"69":1,"70":2,"76":2,"79":2,"82":2,"83":2,"85":1,"89":2,"92":1,"93":1,"94":1,"96":1,"97":1,"100":1,"101":1,"103":1,"106":1,"108":2,"114":1,"116":1,"118":1,"123":1,"124":2,"125":2,"126":3,"127":3,"128":3,"129":3,"130":1,"133":3,"134":3,"139":3,"143":1,"144":3,"145":1,"149":1,"150":1,"158":1,"160":1,"161":1,"162":1,"164":1,"166":1,"258":1,"259":1,"271":1,"274":6,"275":6,"277":1,"279":2,"281":1,"283":2,"288":1,"289":1,"291":1,"296":1,"303":1,"306":1,"307":1,"310":1,"311":1,"313":1,"314":1,"315":1,"316":1,"317":1,"318":1,"319":1,"321":1,"322":1,"324":1}},"/home/travis/build/npmtest/node-npmtest-pigato/node_modules/pigato/index.js":{"path":"/home/travis/build/npmtest/node-npmtest-pigato/node_modules/pigato/index.js","s":{"1":2,"2":0,"3":0,"4":0},"b":{},"f":{},"fnMap":{},"statementMap":{"1":{"start":{"line":1,"column":0},"end":{"line":1,"column":48}},"2":{"start":{"line":2,"column":0},"end":{"line":2,"column":48}},"3":{"start":{"line":3,"column":0},"end":{"line":3,"column":48}},"4":{"start":{"line":4,"column":0},"end":{"line":6,"column":2}}},"branchMap":{},"code":["module.exports.Broker = require('./lib/Broker');","module.exports.Worker = require('./lib/Worker');","module.exports.Client = require('./lib/Client');","module.exports.services = {","  Directory: require('./services/Directory')","};",""],"l":{"1":2,"2":0,"3":0,"4":0}},"/home/travis/build/npmtest/node-npmtest-pigato/node_modules/pigato/lib/Broker.js":{"path":"/home/travis/build/npmtest/node-npmtest-pigato/node_modules/pigato/lib/Broker.js","s":{"1":4,"2":4,"3":4,"4":4,"5":4,"6":4,"7":0,"8":0,"9":0,"10":0,"11":0,"12":0,"13":0,"14":1,"15":0,"16":0,"17":0,"18":0,"19":0,"20":0,"21":0,"22":0,"23":0,"24":0,"25":0,"26":0,"27":0,"28":0,"29":0,"30":0,"31":0,"32":0,"33":0,"34":0,"35":0,"36":0,"37":0,"38":0,"39":0,"40":0,"41":0,"42":0,"43":0,"44":0,"45":0,"46":0,"47":0,"48":0,"49":0,"50":0,"51":0,"52":0,"53":0,"54":0,"55":0,"56":0,"57":0,"58":0,"59":0,"60":0,"61":0,"62":0,"63":0,"64":0,"65":0,"66":0,"67":0,"68":0,"69":0,"70":0,"71":0,"72":0,"73":0,"74":0,"75":0,"76":0,"77":0,"78":0,"79":0,"80":0,"81":0,"82":0,"83":0,"84":0,"85":0,"86":0,"87":0,"88":0,"89":0,"90":0,"91":0,"92":0,"93":0,"94":0,"95":0,"96":0,"97":0,"98":0,"99":0,"100":0,"101":0,"102":0,"103":0,"104":0,"105":0,"106":0,"107":0,"108":0,"109":0,"110":0,"111":0,"112":0,"113":0,"114":0,"115":0,"116":0,"117":0,"118":0,"119":0,"120":0,"121":0,"122":0,"123":0,"124":0,"125":0,"126":0,"127":0,"128":0,"129":0,"130":0,"131":0,"132":0,"133":0,"134":0,"135":0,"136":0,"137":0,"138":0,"139":0,"140":0,"141":0,"142":0,"143":0,"144":0,"145":0,"146":0,"147":0,"148":0,"149":0,"150":0,"151":0,"152":0,"153":0,"154":0,"155":0,"156":0,"157":0,"158":0,"159":0,"160":0,"161":0,"162":0,"163":0,"164":0,"165":0,"166":0,"167":0,"168":0,"169":0,"170":0,"171":0,"172":0,"173":0,"174":0,"175":0,"176":0,"177":0,"178":0,"179":0,"180":0,"181":0,"182":0,"183":0,"184":0,"185":0,"186":0,"187":0,"188":0,"189":0,"190":0,"191":0,"192":0,"193":0,"194":0,"195":0,"196":0,"197":0,"198":0,"199":0,"200":0,"201":0,"202":0,"203":0,"204":0,"205":0,"206":0,"207":0,"208":0,"209":0,"210":0,"211":0,"212":0,"213":0,"214":0,"215":0,"216":0,"217":0,"218":0,"219":0,"220":0,"221":0,"222":0,"223":0,"224":0,"225":0,"226":0,"227":0,"228":0,"229":0,"230":0,"231":0,"232":0,"233":0,"234":0,"235":0,"236":0,"237":0,"238":0,"239":0,"240":0,"241":0,"242":0,"243":0,"244":0,"245":0,"246":0,"247":0,"248":0,"249":0,"250":0,"251":0,"252":0,"253":0,"254":0,"255":0,"256":0,"257":0,"258":0,"259":0,"260":0,"261":0,"262":0,"263":0,"264":0,"265":0,"266":0,"267":0,"268":0,"269":0,"270":0,"271":0,"272":0,"273":0,"274":0,"275":0,"276":0,"277":0,"278":0,"279":0,"280":0,"281":0,"282":0,"283":0,"284":0,"285":0,"286":0,"287":0,"288":0,"289":0,"290":0,"291":0,"292":0,"293":0,"294":0,"295":0,"296":0,"297":0,"298":0,"299":0,"300":0,"301":0,"302":0,"303":0,"304":0,"305":0,"306":0,"307":0,"308":0,"309":0,"310":0,"311":0,"312":0,"313":0,"314":0,"315":0,"316":0,"317":0,"318":0,"319":0,"320":0,"321":0,"322":0,"323":0,"324":0,"325":0,"326":0,"327":0,"328":0,"329":0,"330":0,"331":0,"332":0,"333":0,"334":0,"335":0,"336":0,"337":0,"338":0,"339":0,"340":0,"341":0,"342":0,"343":1,"344":0,"345":0,"346":0,"347":0,"348":0,"349":0,"350":0,"351":0,"352":0,"353":0,"354":0,"355":0,"356":0,"357":0,"358":0,"359":0,"360":0,"361":0,"362":0,"363":0,"364":0,"365":0,"366":0,"367":0,"368":0,"369":0,"370":0,"371":0,"372":0,"373":0,"374":0,"375":0,"376":0,"377":0,"378":0,"379":0,"380":0,"381":0,"382":0,"383":0,"384":0,"385":0,"386":0,"387":0,"388":0,"389":0,"390":0,"391":0,"392":0,"393":0,"394":0,"395":0,"396":0,"397":0,"398":0,"399":0,"400":0,"401":0,"402":0,"403":0,"404":0,"405":0,"406":0,"407":0,"408":0,"409":0,"410":0,"411":0,"412":0,"413":0,"414":0,"415":0,"416":0,"417":0,"418":0},"b":{"1":[0,0],"2":[0,0],"3":[0,0],"4":[0,0],"5":[0,0],"6":[0,0],"7":[0,0],"8":[0,0],"9":[0,0],"10":[0,0],"11":[0,0],"12":[0,0],"13":[0,0],"14":[0,0],"15":[0,0],"16":[0,0],"17":[0,0],"18":[0,0],"19":[0,0],"20":[0,0],"21":[0,0],"22":[0,0],"23":[0,0],"24":[0,0],"25":[0,0],"26":[0,0],"27":[0,0],"28":[0,0],"29":[0,0,0],"30":[0,0],"31":[0,0],"32":[0,0],"33":[0,0],"34":[0,0],"35":[0,0],"36":[0,0],"37":[0,0],"38":[0,0],"39":[0,0],"40":[0,0],"41":[0,0],"42":[0,0],"43":[0,0],"44":[0,0],"45":[0,0],"46":[0,0],"47":[0,0],"48":[0,0],"49":[0,0],"50":[0,0],"51":[0,0],"52":[0,0],"53":[0,0],"54":[0,0],"55":[0,0],"56":[0,0],"57":[0,0],"58":[0,0],"59":[0,0],"60":[0,0],"61":[0,0],"62":[0,0],"63":[0,0],"64":[0,0],"65":[0,0],"66":[0,0],"67":[0,0],"68":[0,0],"69":[0,0],"70":[0,0],"71":[0,0],"72":[0,0],"73":[0,0,0],"74":[0,0],"75":[0,0,0],"76":[0,0],"77":[0,0,0],"78":[0,0],"79":[0,0],"80":[0,0],"81":[0,0],"82":[0,0],"83":[0,0],"84":[0,0],"85":[0,0],"86":[0,0],"87":[0,0],"88":[0,0],"89":[0,0],"90":[0,0],"91":[0,0],"92":[0,0],"93":[0,0],"94":[0,0],"95":[0,0],"96":[0,0],"97":[0,0],"98":[0,0],"99":[0,0],"100":[0,0],"101":[0,0],"102":[0,0],"103":[0]},"f":{"1":0,"2":0,"3":0,"4":0,"5":0,"6":0,"7":0,"8":0,"9":0,"10":0,"11":0,"12":0,"13":0,"14":0,"15":0,"16":0,"17":0,"18":0,"19":0,"20":0,"21":0,"22":0,"23":0,"24":0,"25":0,"26":0,"27":0,"28":0,"29":0,"30":0,"31":0,"32":0,"33":0,"34":0,"35":0,"36":0,"37":0,"38":0,"39":0,"40":0,"41":0,"42":0,"43":0,"44":0,"45":0,"46":0,"47":0,"48":0,"49":0,"50":0,"51":0,"52":0,"53":0,"54":0,"55":0},"fnMap":{"1":{"name":"Broker","line":20,"loc":{"start":{"line":20,"column":0},"end":{"line":20,"column":32}}},"2":{"name":"(anonymous_2)","line":46,"loc":{"start":{"line":46,"column":25},"end":{"line":46,"column":36}}},"3":{"name":"(anonymous_3)","line":56,"loc":{"start":{"line":56,"column":28},"end":{"line":56,"column":39}}},"4":{"name":"(anonymous_4)","line":61,"loc":{"start":{"line":61,"column":29},"end":{"line":61,"column":40}}},"5":{"name":"(anonymous_5)","line":65,"loc":{"start":{"line":65,"column":30},"end":{"line":65,"column":41}}},"6":{"name":"(anonymous_6)","line":68,"loc":{"start":{"line":68,"column":26},"end":{"line":68,"column":53}}},"7":{"name":"(anonymous_7)","line":79,"loc":{"start":{"line":79,"column":22},"end":{"line":79,"column":36}}},"8":{"name":"(anonymous_8)","line":89,"loc":{"start":{"line":89,"column":13},"end":{"line":89,"column":28}}},"9":{"name":"(anonymous_9)","line":90,"loc":{"start":{"line":90,"column":36},"end":{"line":90,"column":47}}},"10":{"name":"(anonymous_10)","line":95,"loc":{"start":{"line":95,"column":13},"end":{"line":95,"column":28}}},"11":{"name":"(anonymous_11)","line":96,"loc":{"start":{"line":96,"column":35},"end":{"line":96,"column":46}}},"12":{"name":"(anonymous_12)","line":101,"loc":{"start":{"line":101,"column":13},"end":{"line":101,"column":28}}},"13":{"name":"(anonymous_13)","line":102,"loc":{"start":{"line":102,"column":22},"end":{"line":102,"column":42}}},"14":{"name":"(anonymous_14)","line":103,"loc":{"start":{"line":103,"column":19},"end":{"line":103,"column":33}}},"15":{"name":"(anonymous_15)","line":110,"loc":{"start":{"line":110,"column":22},"end":{"line":110,"column":33}}},"16":{"name":"(anonymous_16)","line":116,"loc":{"start":{"line":116,"column":24},"end":{"line":116,"column":35}}},"17":{"name":"(anonymous_17)","line":124,"loc":{"start":{"line":124,"column":13},"end":{"line":124,"column":28}}},"18":{"name":"(anonymous_18)","line":125,"loc":{"start":{"line":125,"column":15},"end":{"line":125,"column":26}}},"19":{"name":"(anonymous_19)","line":131,"loc":{"start":{"line":131,"column":15},"end":{"line":131,"column":30}}},"20":{"name":"(anonymous_20)","line":132,"loc":{"start":{"line":132,"column":40},"end":{"line":132,"column":51}}},"21":{"name":"(anonymous_21)","line":141,"loc":{"start":{"line":141,"column":15},"end":{"line":141,"column":30}}},"22":{"name":"(anonymous_22)","line":142,"loc":{"start":{"line":142,"column":39},"end":{"line":142,"column":50}}},"23":{"name":"(anonymous_23)","line":150,"loc":{"start":{"line":150,"column":22},"end":{"line":150,"column":33}}},"24":{"name":"(anonymous_24)","line":158,"loc":{"start":{"line":158,"column":27},"end":{"line":158,"column":38}}},"25":{"name":"(anonymous_25)","line":165,"loc":{"start":{"line":165,"column":26},"end":{"line":165,"column":37}}},"26":{"name":"(anonymous_26)","line":172,"loc":{"start":{"line":172,"column":24},"end":{"line":172,"column":38}}},"27":{"name":"(anonymous_27)","line":180,"loc":{"start":{"line":180,"column":25},"end":{"line":180,"column":40}}},"28":{"name":"(anonymous_28)","line":196,"loc":{"start":{"line":196,"column":27},"end":{"line":196,"column":41}}},"29":{"name":"(anonymous_29)","line":200,"loc":{"start":{"line":200,"column":28},"end":{"line":200,"column":42}}},"30":{"name":"(anonymous_30)","line":256,"loc":{"start":{"line":256,"column":28},"end":{"line":256,"column":42}}},"31":{"name":"(anonymous_31)","line":353,"loc":{"start":{"line":353,"column":28},"end":{"line":353,"column":42}}},"32":{"name":"(anonymous_32)","line":373,"loc":{"start":{"line":373,"column":25},"end":{"line":373,"column":50}}},"33":{"name":"(anonymous_33)","line":377,"loc":{"start":{"line":377,"column":34},"end":{"line":377,"column":48}}},"34":{"name":"(anonymous_34)","line":389,"loc":{"start":{"line":389,"column":33},"end":{"line":389,"column":47}}},"35":{"name":"(anonymous_35)","line":400,"loc":{"start":{"line":400,"column":35},"end":{"line":400,"column":49}}},"36":{"name":"(anonymous_36)","line":412,"loc":{"start":{"line":412,"column":33},"end":{"line":412,"column":52}}},"37":{"name":"(anonymous_37)","line":432,"loc":{"start":{"line":432,"column":32},"end":{"line":432,"column":63}}},"38":{"name":"(anonymous_38)","line":458,"loc":{"start":{"line":458,"column":22},"end":{"line":458,"column":40}}},"39":{"name":"(anonymous_39)","line":494,"loc":{"start":{"line":494,"column":32},"end":{"line":494,"column":43}}},"40":{"name":"(anonymous_40)","line":505,"loc":{"start":{"line":505,"column":23},"end":{"line":505,"column":50}}},"41":{"name":"(anonymous_41)","line":525,"loc":{"start":{"line":525,"column":35},"end":{"line":525,"column":54}}},"42":{"name":"(anonymous_42)","line":547,"loc":{"start":{"line":547,"column":34},"end":{"line":547,"column":52}}},"43":{"name":"(anonymous_43)","line":564,"loc":{"start":{"line":564,"column":34},"end":{"line":564,"column":45}}},"44":{"name":"(anonymous_44)","line":567,"loc":{"start":{"line":567,"column":24},"end":{"line":567,"column":51}}},"45":{"name":"(anonymous_45)","line":571,"loc":{"start":{"line":571,"column":24},"end":{"line":571,"column":51}}},"46":{"name":"(anonymous_46)","line":577,"loc":{"start":{"line":577,"column":47},"end":{"line":577,"column":76}}},"47":{"name":"(anonymous_47)","line":590,"loc":{"start":{"line":590,"column":24},"end":{"line":590,"column":51}}},"48":{"name":"(anonymous_48)","line":594,"loc":{"start":{"line":594,"column":49},"end":{"line":594,"column":83}}},"49":{"name":"(anonymous_49)","line":609,"loc":{"start":{"line":609,"column":24},"end":{"line":609,"column":51}}},"50":{"name":"(anonymous_50)","line":617,"loc":{"start":{"line":617,"column":36},"end":{"line":617,"column":64}}},"51":{"name":"_rhandle","line":635,"loc":{"start":{"line":635,"column":0},"end":{"line":635,"column":38}}},"52":{"name":"(anonymous_52)","line":711,"loc":{"start":{"line":711,"column":28},"end":{"line":711,"column":46}}},"53":{"name":"(anonymous_53)","line":727,"loc":{"start":{"line":727,"column":19},"end":{"line":727,"column":34}}},"54":{"name":"(anonymous_54)","line":753,"loc":{"start":{"line":753,"column":26},"end":{"line":753,"column":44}}},"55":{"name":"(anonymous_55)","line":757,"loc":{"start":{"line":757,"column":32},"end":{"line":757,"column":64}}}},"statementMap":{"1":{"start":{"line":3,"column":0},"end":{"line":3,"column":20}},"2":{"start":{"line":5,"column":0},"end":{"line":5,"column":27}},"3":{"start":{"line":6,"column":0},"end":{"line":6,"column":46}},"4":{"start":{"line":7,"column":0},"end":{"line":7,"column":32}},"5":{"start":{"line":8,"column":0},"end":{"line":8,"column":31}},"6":{"start":{"line":9,"column":0},"end":{"line":9,"column":25}},"7":{"start":{"line":10,"column":0},"end":{"line":10,"column":29}},"8":{"start":{"line":11,"column":0},"end":{"line":11,"column":26}},"9":{"start":{"line":12,"column":0},"end":{"line":12,"column":31}},"10":{"start":{"line":13,"column":0},"end":{"line":13,"column":27}},"11":{"start":{"line":14,"column":0},"end":{"line":14,"column":32}},"12":{"start":{"line":16,"column":0},"end":{"line":16,"column":51}},"13":{"start":{"line":18,"column":0},"end":{"line":18,"column":27}},"14":{"start":{"line":20,"column":0},"end":{"line":43,"column":1}},"15":{"start":{"line":21,"column":2},"end":{"line":21,"column":21}},"16":{"start":{"line":22,"column":2},"end":{"line":22,"column":27}},"17":{"start":{"line":23,"column":2},"end":{"line":23,"column":24}},"18":{"start":{"line":25,"column":2},"end":{"line":30,"column":4}},"19":{"start":{"line":32,"column":2},"end":{"line":32,"column":28}},"20":{"start":{"line":34,"column":2},"end":{"line":34,"column":27}},"21":{"start":{"line":36,"column":2},"end":{"line":40,"column":3}},"22":{"start":{"line":37,"column":4},"end":{"line":37,"column":31}},"23":{"start":{"line":39,"column":4},"end":{"line":39,"column":37}},"24":{"start":{"line":42,"column":2},"end":{"line":42,"column":33}},"25":{"start":{"line":44,"column":0},"end":{"line":44,"column":43}},"26":{"start":{"line":46,"column":0},"end":{"line":114,"column":2}},"27":{"start":{"line":47,"column":2},"end":{"line":47,"column":37}},"28":{"start":{"line":48,"column":2},"end":{"line":48,"column":40}},"29":{"start":{"line":49,"column":2},"end":{"line":49,"column":38}},"30":{"start":{"line":51,"column":2},"end":{"line":51,"column":31}},"31":{"start":{"line":52,"column":2},"end":{"line":52,"column":46}},"32":{"start":{"line":54,"column":2},"end":{"line":54,"column":18}},"33":{"start":{"line":56,"column":2},"end":{"line":59,"column":5}},"34":{"start":{"line":57,"column":4},"end":{"line":57,"column":38}},"35":{"start":{"line":58,"column":4},"end":{"line":58,"column":32}},"36":{"start":{"line":61,"column":2},"end":{"line":63,"column":26}},"37":{"start":{"line":62,"column":4},"end":{"line":62,"column":24}},"38":{"start":{"line":65,"column":2},"end":{"line":85,"column":12}},"39":{"start":{"line":66,"column":4},"end":{"line":66,"column":21}},"40":{"start":{"line":68,"column":4},"end":{"line":73,"column":7}},"41":{"start":{"line":69,"column":6},"end":{"line":72,"column":7}},"42":{"start":{"line":70,"column":8},"end":{"line":70,"column":20}},"43":{"start":{"line":71,"column":8},"end":{"line":71,"column":38}},"44":{"start":{"line":75,"column":4},"end":{"line":77,"column":5}},"45":{"start":{"line":76,"column":6},"end":{"line":76,"column":28}},"46":{"start":{"line":79,"column":4},"end":{"line":84,"column":7}},"47":{"start":{"line":80,"column":6},"end":{"line":80,"column":42}},"48":{"start":{"line":81,"column":6},"end":{"line":83,"column":7}},"49":{"start":{"line":82,"column":8},"end":{"line":82,"column":32}},"50":{"start":{"line":87,"column":2},"end":{"line":87,"column":17}},"51":{"start":{"line":89,"column":2},"end":{"line":93,"column":5}},"52":{"start":{"line":90,"column":4},"end":{"line":92,"column":7}},"53":{"start":{"line":91,"column":6},"end":{"line":91,"column":13}},"54":{"start":{"line":95,"column":2},"end":{"line":99,"column":5}},"55":{"start":{"line":96,"column":4},"end":{"line":98,"column":7}},"56":{"start":{"line":97,"column":6},"end":{"line":97,"column":13}},"57":{"start":{"line":101,"column":2},"end":{"line":108,"column":5}},"58":{"start":{"line":102,"column":4},"end":{"line":107,"column":7}},"59":{"start":{"line":103,"column":6},"end":{"line":105,"column":9}},"60":{"start":{"line":104,"column":8},"end":{"line":104,"column":33}},"61":{"start":{"line":106,"column":6},"end":{"line":106,"column":13}},"62":{"start":{"line":110,"column":2},"end":{"line":113,"column":5}},"63":{"start":{"line":111,"column":4},"end":{"line":111,"column":52}},"64":{"start":{"line":112,"column":4},"end":{"line":112,"column":42}},"65":{"start":{"line":116,"column":0},"end":{"line":156,"column":2}},"66":{"start":{"line":117,"column":2},"end":{"line":117,"column":18}},"67":{"start":{"line":119,"column":2},"end":{"line":119,"column":30}},"68":{"start":{"line":120,"column":2},"end":{"line":120,"column":31}},"69":{"start":{"line":122,"column":2},"end":{"line":122,"column":17}},"70":{"start":{"line":124,"column":2},"end":{"line":128,"column":5}},"71":{"start":{"line":125,"column":4},"end":{"line":127,"column":12}},"72":{"start":{"line":126,"column":6},"end":{"line":126,"column":13}},"73":{"start":{"line":130,"column":2},"end":{"line":138,"column":3}},"74":{"start":{"line":131,"column":4},"end":{"line":137,"column":7}},"75":{"start":{"line":132,"column":6},"end":{"line":136,"column":9}},"76":{"start":{"line":133,"column":8},"end":{"line":133,"column":28}},"77":{"start":{"line":134,"column":8},"end":{"line":134,"column":27}},"78":{"start":{"line":135,"column":8},"end":{"line":135,"column":15}},"79":{"start":{"line":140,"column":2},"end":{"line":148,"column":3}},"80":{"start":{"line":141,"column":4},"end":{"line":147,"column":7}},"81":{"start":{"line":142,"column":6},"end":{"line":146,"column":9}},"82":{"start":{"line":143,"column":8},"end":{"line":143,"column":25}},"83":{"start":{"line":144,"column":8},"end":{"line":144,"column":24}},"84":{"start":{"line":145,"column":8},"end":{"line":145,"column":15}},"85":{"start":{"line":150,"column":2},"end":{"line":155,"column":5}},"86":{"start":{"line":151,"column":4},"end":{"line":151,"column":23}},"87":{"start":{"line":152,"column":4},"end":{"line":152,"column":20}},"88":{"start":{"line":154,"column":4},"end":{"line":154,"column":41}},"89":{"start":{"line":158,"column":0},"end":{"line":163,"column":2}},"90":{"start":{"line":159,"column":2},"end":{"line":161,"column":3}},"91":{"start":{"line":160,"column":4},"end":{"line":160,"column":24}},"92":{"start":{"line":162,"column":2},"end":{"line":162,"column":21}},"93":{"start":{"line":165,"column":0},"end":{"line":170,"column":2}},"94":{"start":{"line":166,"column":2},"end":{"line":168,"column":3}},"95":{"start":{"line":167,"column":4},"end":{"line":167,"column":23}},"96":{"start":{"line":169,"column":2},"end":{"line":169,"column":20}},"97":{"start":{"line":172,"column":0},"end":{"line":178,"column":2}},"98":{"start":{"line":173,"column":2},"end":{"line":175,"column":3}},"99":{"start":{"line":174,"column":4},"end":{"line":174,"column":11}},"100":{"start":{"line":177,"column":2},"end":{"line":177,"column":24}},"101":{"start":{"line":180,"column":0},"end":{"line":194,"column":2}},"102":{"start":{"line":181,"column":2},"end":{"line":181,"column":32}},"103":{"start":{"line":183,"column":2},"end":{"line":183,"column":22}},"104":{"start":{"line":185,"column":2},"end":{"line":191,"column":3}},"105":{"start":{"line":186,"column":4},"end":{"line":186,"column":23}},"106":{"start":{"line":187,"column":9},"end":{"line":191,"column":3}},"107":{"start":{"line":188,"column":4},"end":{"line":188,"column":23}},"108":{"start":{"line":190,"column":4},"end":{"line":190,"column":35}},"109":{"start":{"line":193,"column":2},"end":{"line":193,"column":22}},"110":{"start":{"line":196,"column":0},"end":{"line":198,"column":2}},"111":{"start":{"line":197,"column":2},"end":{"line":197,"column":40}},"112":{"start":{"line":200,"column":0},"end":{"line":254,"column":2}},"113":{"start":{"line":201,"column":2},"end":{"line":201,"column":24}},"114":{"start":{"line":202,"column":2},"end":{"line":202,"column":20}},"115":{"start":{"line":204,"column":2},"end":{"line":204,"column":10}},"116":{"start":{"line":205,"column":2},"end":{"line":205,"column":10}},"117":{"start":{"line":206,"column":2},"end":{"line":253,"column":3}},"118":{"start":{"line":207,"column":4},"end":{"line":207,"column":34}},"119":{"start":{"line":208,"column":4},"end":{"line":208,"column":17}},"120":{"start":{"line":209,"column":4},"end":{"line":209,"column":74}},"121":{"start":{"line":211,"column":4},"end":{"line":211,"column":22}},"122":{"start":{"line":213,"column":4},"end":{"line":217,"column":5}},"123":{"start":{"line":214,"column":6},"end":{"line":214,"column":30}},"124":{"start":{"line":218,"column":4},"end":{"line":220,"column":5}},"125":{"start":{"line":219,"column":6},"end":{"line":219,"column":16}},"126":{"start":{"line":222,"column":4},"end":{"line":232,"column":6}},"127":{"start":{"line":234,"column":4},"end":{"line":234,"column":29}},"128":{"start":{"line":235,"column":9},"end":{"line":253,"column":3}},"129":{"start":{"line":236,"column":4},"end":{"line":252,"column":5}},"130":{"start":{"line":237,"column":6},"end":{"line":237,"column":24}},"131":{"start":{"line":238,"column":6},"end":{"line":249,"column":7}},"132":{"start":{"line":239,"column":8},"end":{"line":239,"column":21}},"133":{"start":{"line":240,"column":8},"end":{"line":240,"column":33}},"134":{"start":{"line":241,"column":8},"end":{"line":243,"column":9}},"135":{"start":{"line":242,"column":10},"end":{"line":242,"column":84}},"136":{"start":{"line":244,"column":13},"end":{"line":249,"column":7}},"137":{"start":{"line":245,"column":8},"end":{"line":245,"column":46}},"138":{"start":{"line":246,"column":8},"end":{"line":248,"column":9}},"139":{"start":{"line":247,"column":10},"end":{"line":247,"column":47}},"140":{"start":{"line":251,"column":6},"end":{"line":251,"column":57}},"141":{"start":{"line":256,"column":0},"end":{"line":371,"column":2}},"142":{"start":{"line":257,"column":2},"end":{"line":257,"column":24}},"143":{"start":{"line":258,"column":2},"end":{"line":258,"column":20}},"144":{"start":{"line":260,"column":2},"end":{"line":260,"column":42}},"145":{"start":{"line":261,"column":2},"end":{"line":261,"column":44}},"146":{"start":{"line":263,"column":2},"end":{"line":263,"column":11}},"147":{"start":{"line":266,"column":2},"end":{"line":281,"column":3}},"148":{"start":{"line":267,"column":4},"end":{"line":267,"column":25}},"149":{"start":{"line":269,"column":4},"end":{"line":269,"column":87}},"150":{"start":{"line":271,"column":4},"end":{"line":279,"column":5}},"151":{"start":{"line":272,"column":6},"end":{"line":272,"column":40}},"152":{"start":{"line":274,"column":11},"end":{"line":279,"column":5}},"153":{"start":{"line":275,"column":6},"end":{"line":275,"column":35}},"154":{"start":{"line":276,"column":6},"end":{"line":276,"column":47}},"155":{"start":{"line":278,"column":6},"end":{"line":278,"column":53}},"156":{"start":{"line":280,"column":4},"end":{"line":280,"column":11}},"157":{"start":{"line":283,"column":2},"end":{"line":286,"column":3}},"158":{"start":{"line":284,"column":4},"end":{"line":284,"column":38}},"159":{"start":{"line":285,"column":4},"end":{"line":285,"column":11}},"160":{"start":{"line":288,"column":2},"end":{"line":288,"column":39}},"161":{"start":{"line":290,"column":2},"end":{"line":370,"column":3}},"162":{"start":{"line":291,"column":4},"end":{"line":291,"column":21}},"163":{"start":{"line":293,"column":4},"end":{"line":297,"column":5}},"164":{"start":{"line":294,"column":6},"end":{"line":294,"column":110}},"165":{"start":{"line":295,"column":6},"end":{"line":295,"column":40}},"166":{"start":{"line":296,"column":6},"end":{"line":296,"column":13}},"167":{"start":{"line":299,"column":4},"end":{"line":299,"column":33}},"168":{"start":{"line":300,"column":4},"end":{"line":304,"column":5}},"169":{"start":{"line":301,"column":6},"end":{"line":301,"column":94}},"170":{"start":{"line":302,"column":6},"end":{"line":302,"column":40}},"171":{"start":{"line":303,"column":6},"end":{"line":303,"column":13}},"172":{"start":{"line":306,"column":4},"end":{"line":306,"column":51}},"173":{"start":{"line":308,"column":4},"end":{"line":343,"column":5}},"174":{"start":{"line":309,"column":6},"end":{"line":309,"column":95}},"175":{"start":{"line":311,"column":6},"end":{"line":311,"column":35}},"176":{"start":{"line":312,"column":6},"end":{"line":312,"column":26}},"177":{"start":{"line":313,"column":6},"end":{"line":313,"column":30}},"178":{"start":{"line":315,"column":6},"end":{"line":315,"column":30}},"179":{"start":{"line":316,"column":6},"end":{"line":316,"column":33}},"180":{"start":{"line":318,"column":11},"end":{"line":343,"column":5}},"181":{"start":{"line":319,"column":6},"end":{"line":319,"column":74}},"182":{"start":{"line":321,"column":6},"end":{"line":321,"column":20}},"183":{"start":{"line":322,"column":6},"end":{"line":326,"column":7}},"184":{"start":{"line":323,"column":8},"end":{"line":323,"column":32}},"185":{"start":{"line":327,"column":6},"end":{"line":329,"column":7}},"186":{"start":{"line":328,"column":8},"end":{"line":328,"column":18}},"187":{"start":{"line":331,"column":6},"end":{"line":331,"column":29}},"188":{"start":{"line":333,"column":6},"end":{"line":333,"column":33}},"189":{"start":{"line":335,"column":6},"end":{"line":342,"column":7}},"190":{"start":{"line":336,"column":8},"end":{"line":336,"column":32}},"191":{"start":{"line":337,"column":8},"end":{"line":337,"column":32}},"192":{"start":{"line":338,"column":8},"end":{"line":338,"column":35}},"193":{"start":{"line":339,"column":8},"end":{"line":341,"column":9}},"194":{"start":{"line":340,"column":10},"end":{"line":340,"column":40}},"195":{"start":{"line":345,"column":9},"end":{"line":370,"column":3}},"196":{"start":{"line":346,"column":4},"end":{"line":346,"column":18}},"197":{"start":{"line":347,"column":4},"end":{"line":351,"column":5}},"198":{"start":{"line":348,"column":6},"end":{"line":348,"column":30}},"199":{"start":{"line":350,"column":6},"end":{"line":350,"column":16}},"200":{"start":{"line":353,"column":4},"end":{"line":357,"column":7}},"201":{"start":{"line":354,"column":6},"end":{"line":356,"column":7}},"202":{"start":{"line":355,"column":8},"end":{"line":355,"column":37}},"203":{"start":{"line":359,"column":4},"end":{"line":359,"column":22}},"204":{"start":{"line":360,"column":4},"end":{"line":360,"column":55}},"205":{"start":{"line":362,"column":4},"end":{"line":366,"column":5}},"206":{"start":{"line":363,"column":6},"end":{"line":365,"column":7}},"207":{"start":{"line":364,"column":8},"end":{"line":364,"column":36}},"208":{"start":{"line":368,"column":9},"end":{"line":370,"column":3}},"209":{"start":{"line":369,"column":4},"end":{"line":369,"column":38}},"210":{"start":{"line":373,"column":0},"end":{"line":375,"column":2}},"211":{"start":{"line":374,"column":2},"end":{"line":374,"column":71}},"212":{"start":{"line":377,"column":0},"end":{"line":387,"column":2}},"213":{"start":{"line":378,"column":2},"end":{"line":378,"column":49}},"214":{"start":{"line":380,"column":2},"end":{"line":380,"column":30}},"215":{"start":{"line":381,"column":2},"end":{"line":383,"column":3}},"216":{"start":{"line":382,"column":4},"end":{"line":382,"column":24}},"217":{"start":{"line":385,"column":2},"end":{"line":385,"column":26}},"218":{"start":{"line":386,"column":2},"end":{"line":386,"column":29}},"219":{"start":{"line":389,"column":0},"end":{"line":398,"column":2}},"220":{"start":{"line":390,"column":2},"end":{"line":392,"column":3}},"221":{"start":{"line":391,"column":4},"end":{"line":391,"column":11}},"222":{"start":{"line":394,"column":2},"end":{"line":394,"column":28}},"223":{"start":{"line":395,"column":2},"end":{"line":397,"column":3}},"224":{"start":{"line":396,"column":4},"end":{"line":396,"column":24}},"225":{"start":{"line":400,"column":0},"end":{"line":410,"column":2}},"226":{"start":{"line":401,"column":2},"end":{"line":403,"column":3}},"227":{"start":{"line":402,"column":4},"end":{"line":402,"column":17}},"228":{"start":{"line":405,"column":2},"end":{"line":407,"column":3}},"229":{"start":{"line":406,"column":4},"end":{"line":406,"column":17}},"230":{"start":{"line":409,"column":2},"end":{"line":409,"column":14}},"231":{"start":{"line":412,"column":0},"end":{"line":430,"column":2}},"232":{"start":{"line":413,"column":2},"end":{"line":415,"column":3}},"233":{"start":{"line":414,"column":4},"end":{"line":414,"column":38}},"234":{"start":{"line":417,"column":2},"end":{"line":425,"column":4}},"235":{"start":{"line":427,"column":2},"end":{"line":427,"column":37}},"236":{"start":{"line":429,"column":2},"end":{"line":429,"column":16}},"237":{"start":{"line":432,"column":0},"end":{"line":492,"column":2}},"238":{"start":{"line":433,"column":2},"end":{"line":433,"column":18}},"239":{"start":{"line":435,"column":2},"end":{"line":435,"column":42}},"240":{"start":{"line":437,"column":2},"end":{"line":440,"column":3}},"241":{"start":{"line":438,"column":4},"end":{"line":438,"column":34}},"242":{"start":{"line":439,"column":4},"end":{"line":439,"column":11}},"243":{"start":{"line":442,"column":2},"end":{"line":442,"column":62}},"244":{"start":{"line":444,"column":2},"end":{"line":446,"column":3}},"245":{"start":{"line":445,"column":4},"end":{"line":445,"column":56}},"246":{"start":{"line":448,"column":2},"end":{"line":448,"column":21}},"247":{"start":{"line":449,"column":2},"end":{"line":449,"column":21}},"248":{"start":{"line":450,"column":2},"end":{"line":454,"column":3}},"249":{"start":{"line":451,"column":4},"end":{"line":451,"column":50}},"250":{"start":{"line":452,"column":4},"end":{"line":452,"column":37}},"251":{"start":{"line":453,"column":4},"end":{"line":453,"column":35}},"252":{"start":{"line":456,"column":2},"end":{"line":456,"column":32}},"253":{"start":{"line":458,"column":2},"end":{"line":483,"column":5}},"254":{"start":{"line":459,"column":4},"end":{"line":459,"column":33}},"255":{"start":{"line":461,"column":4},"end":{"line":463,"column":5}},"256":{"start":{"line":462,"column":6},"end":{"line":462,"column":13}},"257":{"start":{"line":465,"column":4},"end":{"line":465,"column":24}},"258":{"start":{"line":467,"column":4},"end":{"line":467,"column":19}},"259":{"start":{"line":469,"column":4},"end":{"l
[...]
lumn":4},"end":{"line":170,"column":4}},{"start":{"line":170,"column":4},"end":{"line":170,"column":4}}]},"12":{"line":173,"type":"if","locations":[{"start":{"line":173,"column":6},"end":{"line":173,"column":6}},{"start":{"line":173,"column":6},"end":{"line":173,"column":6}}]},"13":{"line":173,"type":"binary-expr","locations":[{"start":{"line":173,"column":10},"end":{"line":173,"column":13}},{"start":{"line":173,"column":17},"end":{"line":173,"column":35}}]},"14":{"line":178,"type":"if","locations":[{"start":{"line":178,"column":9},"end":{"line":178,"column":9}},{"start":{"line":178,"column":9},"end":{"line":178,"column":9}}]},"15":{"line":181,"type":"if","locations":[{"start":{"line":181,"column":9},"end":{"line":181,"column":9}},{"start":{"line":181,"column":9},"end":{"line":181,"column":9}}]},"16":{"line":230,"type":"if","locations":[{"start":{"line":230,"column":4},"end":{"line":230,"column":4}},{"start":{"line":230,"column":4},"end":{"line":230,"column":4}}]},"17":{"line":233,"type":"if","locations":[{"start":{"line":233,"column":4},"end":{"line":233,"column":4}},{"start":{"line":233,"column":4},"end":{"line":233,"column":4}}]},"18":{"line":243,"type":"binary-expr","locations":[{"start":{"line":243,"column":11},"end":{"line":243,"column":29}},{"start":{"line":243,"column":33},"end":{"line":243,"column":43}},{"start":{"line":243,"column":47},"end":{"line":243,"column":63}}]},"19":{"line":255,"type":"if","locations":[{"start":{"line":255,"column":4},"end":{"line":255,"column":4}},{"start":{"line":255,"column":4},"end":{"line":255,"column":4}}]},"20":{"line":255,"type":"binary-expr","locations":[{"start":{"line":255,"column":8},"end":{"line":255,"column":27}},{"start":{"line":255,"column":31},"end":{"line":255,"column":45}}]}},"code":["'use strict';","","require('es6-shim');","","var zmq = require('zmq');","var Writable = require('readable-stream').Writable;","var debug = require('debug')('pigato:Worker');","var uuid = require('node-uuid');","var util = require('util');","var events = require('events');","var _ = require('lodash');","var MDP = require('./mdp');","var putils = require('./utils');","","var HEARTBEAT_LIVENESS = 3;","","function Worker(broker, service, conf) {","  this.broker = broker;","  this.service = service;","","  this.conf = {","    heartbeat: 2500,","    reconnect: 1000,","    concurrency: 100,","    prefix: 'W' + uuid.v4()","  };","","  _.extend(this.conf, conf);","","  this.reqs = new Map();","","  events.EventEmitter.call(this);","}","util.inherits(Worker, events.EventEmitter);","","Worker.prototype.onConnect = function() {","  this.emit.apply(this, ['connect']);","  if (this.conf.onConnect) {","    this.conf.onConnect();","  }","","  debug('W(' + this.conf.prefix + ') connected to B(%s)', this.broker);","};","","Worker.prototype.onDisconnect = function() {","  this.emit.apply(this, ['disconnect']);","  if (this.conf.onDisconnect) {","    this.conf.onDisconnect();","  }","","  debug('W(' + this.conf.prefix + ') disconnected from B(%s)', this.broker);","};","","Worker.prototype.start = function() {","  var self = this;","","  this.stop();","","  this._mcnt = 0;","","  this.socket = zmq.socket('dealer');","","  this.socketId = this.conf.prefix + '-' + uuid.v4();","  this.socket.identity = new Buffer(this.socketId);","  this.socket.setsockopt('linger', 1);","","  this.socket.on('message', function() {","    self.onMsg.call(self, putils.args(arguments));","  });","","  this.socket.on('error', function(err) {","    self.emitErr(err);","  });","","  this.socket.connect(this.broker);","  this.liveness = HEARTBEAT_LIVENESS;","","  debug('Worker ' + this.conf.prefix + ' connected to %s', this.broker);","","  this.sendReady();","","  debug('W: starting');","","  this.hbTimer = setInterval(function() {","    self.liveness--;","","    if (self.liveness <= 0) {","      debug('W: liveness=0');","      self.stop();","      setTimeout(function() {","        self.start();","      }, self.conf.reconnect);","      return;","    }","","    self.heartbeat();","","    self.reqs.forEach(function(req) {","      req.liveness--;","    });","  }, this.conf.heartbeat);","","  this.heartbeat();","  this.emit.apply(this, ['start']);","};","","Worker.prototype.stop = function() {","  clearInterval(this.hbTimer);","  ","  if (this.socket) {","    debug('W: stopping');","    ","    this.sendDisconnect();","    ","    var socket = this.socket;","    delete this.socket;","    delete this.socketId;","","    setImmediate(function() {","      if (socket._zmq.state != zmq.STATE_CLOSED) {","        socket.close();","      }","    });","","    this.onDisconnect();","    this.emit.apply(this, ['stop']);","  }","};","","Worker.prototype.send = function(msg) {","  if (!this.socket) {","    return;","  }","","  this.socket.send(msg);","};","","// process message from broker","Worker.prototype.onMsg = function(msg) {","  this._mcnt++;","","  if (this._mcnt === 1) {","    this.onConnect();","  }","","  msg = putils.mparse(msg);","","  var header = msg[0];","  var type = msg[1];","","  if (header != MDP.WORKER) {","    this.emitErr('ERR_MSG_HEADER');","    // send error","    return;","  }","","  this.liveness = HEARTBEAT_LIVENESS;","","  var clientId;","  var rid;","  var service;","","  if (type == MDP.W_REQUEST) {","    clientId = msg[2];","    service = msg[3];","    rid = msg[5];","    debug('W: W_REQUEST:', clientId, rid);","    this.onRequest(clientId, service, rid, msg[6], msg[7]);","  } else if (type == MDP.W_HEARTBEAT) {","    if (msg.length === 5) {","      clientId = msg[2];","      rid = msg[4];","      if (rid && this.reqs.has(rid)) {","        var req = this.reqs.get(rid);","        req.liveness = HEARTBEAT_LIVENESS;","      }","    }","  } else if (type == MDP.W_DISCONNECT) {","    debug('W: W_DISCONNECT');","    this.start();","  } else if (type == MDP.W_READY) {","    debug('W: W_READY');","  } else {","    this.emitErr('ERR_MSG_TYPE_INVALID');","  }","};","","Worker.prototype.emitReq = function(req, rep) {","  this.emit.apply(this, ['request', req.data, rep, req.opts]);","};","","Worker.prototype.emitErr = function(msg) {","  this.emit.apply(this, ['error', msg]);","};","","Worker.prototype.onRequest = function(clientId, service, rid, data, opts) {","  var self = this;","","  var req = {","    clientId: clientId,","    rid: rid,","    liveness: HEARTBEAT_LIVENESS,","    service: service,","    data: null,","    opts: {} ","  };","","  try { req.data = JSON.parse(data); } catch(e) {","    // Ignore","  }","  try { req.opts = JSON.parse(opts); } catch(e) {","    // Ignore","  }","","  this.reqs.set(rid, req);","","  var reply = new Writable({","    objectMode: true","  });","","  reply.ended = false;","","  var _write = reply.write;","  reply.write = function(chunk, encoding, cb) {","    return _write.call(reply, chunk, encoding, cb);","  };","","  reply._write = function(chunk, encoding, cb) {","    var rf = self.replyPartial;","    if (this.ended) {","      rf = self.replyFinal;","    }","    if (this.endNull) {","      chunk = null;","    }","    rf.apply(self, [clientId, rid, chunk, reply.opts]);","    cb(null);","  };","","  reply.opts = {};","","  reply.active = function() {","    return self.reqs.has(rid) && !req.ended && req.liveness > 0;","  };","","  reply.heartbeat = function() {","    self.heartbeat();","  };","","  var _end = reply.end;","","  reply.end = function(chunk, encoding, cb) {","    this.ended = true;","","    if (chunk === undefined || chunk === null) {","      chunk = '';","      this.endNull = true;","    }","","    var ret = _end.apply(reply, [chunk, encoding, cb]);","","    self.dreq(rid);","    return ret;","  };","","  reply.reject = function(err) {","    self.replyReject(clientId, rid, err);","    self.dreq(rid);","  };","","  reply.error = function(err) {","    self.replyError(clientId, rid, err);","    self.dreq(rid);","  };","","  this.emitReq(req, reply);","};","","Worker.prototype.dreq = function(rid) {","  this.reqs.delete(rid);","};","","Worker.prototype.sendReady = function() {","  this.send([MDP.WORKER, MDP.W_READY, this.service]);","};","","Worker.prototype.sendDisconnect = function() {","  this.send([MDP.WORKER, MDP.W_DISCONNECT]);","};","","Worker.prototype.heartbeat = function(opts) {","  this.send([","    MDP.WORKER, MDP.W_HEARTBEAT, '',","    JSON.stringify(_.extend({}, opts, {","      concurrency: this.conf.concurrency","    }))","  ]);","};","","Worker.prototype.reply = function(type, clientId, rid, code, data, opts) {","  this.send([MDP.WORKER, type, clientId, '', rid, code, JSON.stringify(data), JSON.stringify(opts)]);","};","","Worker.prototype.replyPartial = function(clientId, rid, data, opts) {","  this.reply(MDP.W_REPLY_PARTIAL, clientId, rid, 0, data, opts);","};","","Worker.prototype.replyFinal = function(clientId, rid, data, opts) {","  this.reply(MDP.W_REPLY, clientId, rid, 0, data, opts);","};","","Worker.prototype.replyReject = function(clientId, rid, err) {","  this.reply(MDP.W_REPLY_REJECT, clientId, rid, 0, err);","};","","Worker.prototype.replyError = function(clientId, rid, err) {","  this.reply(MDP.W_REPLY, clientId, rid, -1, err);","};","","module.exports = Worker;",""],"l":{"3":2,"5":2,"6":0,"7":0,"8":0,"9":0,"10":0,"11":0,"12":0,"13":0,"15":0,"17":1,"18":0,"19":0,"21":0,"28":0,"30":0,"32":0,"34":0,"36":0,"37":0,"38":0,"39":0,"42":0,"45":0,"46":0,"47":0,"48":0,"51":0,"54":0,"55":0,"57":0,"59":0,"61":0,"63":0,"64":0,"65":0,"67":0,"68":0,"71":0,"72":0,"75":0,"76":0,"78":0,"80":0,"82":0,"84":0,"85":0,"87":0,"88":0,"89":0,"90":0,"91":0,"93":0,"96":0,"98":0,"99":0,"103":0,"104":0,"107":0,"108":0,"110":0,"111":0,"113":0,"115":0,"116":0,"117":0,"119":0,"120":0,"121":0,"125":0,"126":0,"130":0,"131":0,"132":0,"135":0,"139":0,"140":0,"142":0,"143":0,"146":0,"148":0,"149":0,"151":0,"152":0,"154":0,"157":0,"159":0,"160":0,"161":0,"163":0,"164":0,"165":0,"166":0,"167":0,"168":0,"169":0,"170":0,"171":0,"172":0,"173":0,"174":0,"175":0,"178":0,"179":0,"180":0,"181":0,"182":0,"184":0,"188":0,"189":0,"192":0,"193":0,"196":0,"197":0,"199":0,"208":0,"211":0,"215":0,"217":0,"221":0,"223":0,"224":0,"225":0,"228":0,"229":0,"230":0,"231":0,"233":0,"234":0,"236":0,"237":0,"240":0,"242":0,"243":0,"246":0,"247":0,"250":0,"252":0,"253":0,"255":0,"256":0,"257":0,"260":0,"262":0,"263":0,"266":0,"267":0,"268":0,"271":0,"272":0,"273":0,"276":0,"279":0,"280":0,"283":0,"284":0,"287":0,"288":0,"291":0,"292":0,"300":0,"301":0,"304":0,"305":0,"308":0,"309":0,"312":0,"313":0,"316":0,"317":0,"320":0}},"/home/travis/build/npmtest/node-npmtest-pigato/node_modules/pigato/services/Base.js":{"path":"/home/travis/build/npmtest/node-npmtest-pigato/node_modules/pigato/services/Base.js","s":{"1":2,"2":0,"3":0,"4":1,"5":0,"6":0,"7":0,"8":0,"9":0,"10":0,"11":0,"12":0,"13":0,"14":0,"15":0,"16":0,"17":0,"18":0,"19":0,"20":0,"21":0,"22":0,"23":0,"24":0,"25":0,"26":0},"b":{"1":[0,0],"2":[0,0],"3":[0,0],"4":[0,0]},"f":{"1":0,"2":0,"3":0,"4":0,"5":0},"fnMap":{"1":{"name":"Base","line":5,"loc":{"start":{"line":5,"column":0},"end":{"line":5,"column":30}}},"2":{"name":"(anonymous_2)","line":10,"loc":{"start":{"line":10,"column":23},"end":{"line":10,"column":34}}},"3":{"name":"(anonymous_3)","line":20,"loc":{"start":{"line":20,"column":25},"end":{"line":20,"column":36}}},"4":{"name":"(anonymous_4)","line":26,"loc":{"start":{"line":26,"column":22},"end":{"line":26,"column":33}}},"5":{"name":"(anonymous_5)","line":38,"loc":{"start":{"line":38,"column":24},"end":{"line":38,"column":35}}}},"statementMap":{"1":{"start":{"line":1,"column":0},"end":{"line":1,"column":25}},"2":{"start":{"line":2,"column":0},"end":{"line":2,"column":26}},"3":{"start":{"line":3,"column":0},"end":{"line":3,"column":42}},"4":{"start":{"line":5,"column":0},"end":{"line":8,"column":1}},"5":{"start":{"line":6,"column":2},"end":{"line":6,"column":27}},"6":{"start":{"line":7,"column":2},"end":{"line":7,"column":33}},"7":{"start":{"line":10,"column":0},"end":{"line":18,"column":2}},"8":{"start":{"line":11,"column":2},"end":{"line":11,"column":53}},"9":{"start":{"line":12,"column":2},"end":{"line":12,"column":19}},"10":{"start":{"line":14,"column":2},"end":{"line":14,"column":31}},"11":{"start":{"line":15,"column":2},"end":{"line":15,"column":45}},"12":{"start":{"line":17,"column":2},"end":{"line":17,"column":36}},"13":{"start":{"line":20,"column":0},"end":{"line":24,"column":2}},"14":{"start":{"line":21,"column":2},"end":{"line":23,"column":3}},"15":{"start":{"line":22,"column":4},"end":{"line":22,"column":24}},"16":{"start":{"line":26,"column":0},"end":{"line":36,"column":2}},"17":{"start":{"line":27,"column":2},"end":{"line":30,"column":3}},"18":{"start":{"line":28,"column":4},"end":{"line":28,"column":20}},"19":{"start":{"line":29,"column":4},"end":{"line":29,"column":20}},"20":{"start":{"line":32,"column":2},"end":{"line":35,"column":3}},"21":{"start":{"line":33,"column":4},"end":{"line":33,"column":21}},"22":{"start":{"line":34,"column":4},"end":{"line":34,"column":20}},"23":{"start":{"line":38,"column":0},"end":{"line":42,"column":2}},"24":{"start":{"line":39,"column":2},"end":{"line":41,"column":3}},"25":{"start":{"line":40,"column":4},"end":{"line":40,"column":23}},"26":{"start":{"line":44,"column":0},"end":{"line":44,"column":22}}},"branchMap":{"1":{"line":21,"type":"if","locations":[{"start":{"line":21,"column":2},"end":{"line":21,"column":2}},{"start":{"line":21,"column":2},"end":{"line":21,"column":2}}]},"2":{"line":27,"type":"if","locations":[{"start":{"line":27,"column":2},"end":{"line":27,"column":2}},{"start":{"line":27,"column":2},"end":{"line":27,"column":2}}]},"3":{"line":32,"type":"if","locations":[{"start":{"line":32,"column":2},"end":{"line":32,"column":2}},{"start":{"line":32,"column":2},"end":{"line":32,"column":2}}]},"4":{"line":39,"type":"if","locations":[{"start":{"line":39,"column":2},"end":{"line":39,"column":2}},{"start":{"line":39,"column":2},"end":{"line":39,"column":2}}]}},"code":["var zmq = require('zmq');","var _ = require('lodash');","var Worker = require('./../index').Worker;","","function Base(endpoint, conf) {","  this.endpoint = endpoint;","  this.conf = _.extend({}, conf);","}; ","","Base.prototype.start = function() {","  this.wrk = new Worker(this.endpoint, this.service);","  this.wrk.start();","","  this.sub = zmq.socket('sub');","  this.sub.identity = this.wrk.name + '/sub';","","  this.sub.connect(this.conf.intch);","};","","Base.prototype.onStart = function() {","  if (this.conf.onStart) {","    this.conf.onStart();","  }","};","","Base.prototype.stop = function() {","  if (this.wrk) {","    this.wrk.stop();","    delete this.wrk;","  }","","  if (this.sub) {","    this.sub.close();","    delete this.sub;","  }","};","","Base.prototype.onStop = function() {","  if (this.conf.onStop) {","    this.conf.onStop();","  }","};","","module.exports = Base;",""],"l":{"1":2,"2":0,"3":0,"5":1,"6":0,"7":0,"10":0,"11":0,"12":0,"14":0,"15":0,"17":0,"20":0,"21":0,"22":0,"26":0,"27":0,"28":0,"29":0,"32":0,"33":0,"34":0,"38":0,"39":0,"40":0,"44":0}},"/home/travis/build/npmtest/node-npmtest-pigato/node_modules/pigato/services/Directory.js":{"path":"/home/travis/build/npmtest/node-npmtest-pigato/node_modules/pigato/services/Directory.js","s":{"1":2,"2":0,"3":0,"4":0,"5":1,"6":0,"7":0,"8":0,"9":0,"10":0,"11":0,"12":0,"13":0,"14":0,"15":0,"16":0,"17":0,"18":0,"19":0,"20":0,"21":0,"22":0,"23":0,"24":0,"25":0,"26":0,"27":0,"28":0,"29":0},"b":{"1":[0,0],"2":[0,0],"3":[0,0],"4":[0,0]},"f":{"1":0,"2":0,"3":0,"4":0,"5":0},"fnMap":{"1":{"name":"Directory","line":6,"loc":{"start":{"line":6,"column":0},"end":{"line":6,"column":35}}},"2":{"name":"(anonymous_2)","line":14,"loc":{"start":{"line":14,"column":28},"end":{"line":14,"column":39}}},"3":{"name":"(anonymous_3)","line":19,"loc":{"start":{"line":19,"column":25},"end":{"line":19,"column":44}}},"4":{"name":"(anonymous_4)","line":23,"loc":{"start":{"line":23,"column":25},"end":{"line":23,"column":40}}},"5":{"name":"(anonymous_5)","line":38,"loc":{"start":{"line":38,"column":27},"end":{"line":38,"column":38}}}},"statementMap":{"1":{"start":{"line":1,"column":0},"end":{"line":1,"column":25}},"2":{"start":{"line":2,"column":0},"end":{"line":2,"column":26}},"3":{"start":{"line":3,"column":0},"end":{"line":3,"column":27}},"4":{"start":{"line":4,"column":0},"end":{"line":4,"column":29}},"5":{"start":{"line":6,"column":0},"end":{"line":11,"column":1}},"6":{"start":{"line":7,"column":2},"end":{"line":7,"column":24}},"7":{"start":{"line":8,"column":2},"end":{"line":8,"column":17}},"8":{"start":{"line":10,"column":2},"end":{"line":10,"column":34}},"9":{"start":{"line":12,"column":0},"end":{"line":12,"column":31}},"10":{"start":{"line":14,"column":0},"end":{"line":36,"column":2}},"11":{"start":{"line":15,"column":2},"end":{"line":15,"column":34}},"12":{"start":{"line":17,"column":2},"end":{"line":17,"column":18}},"13":{"start":{"line":19,"column":2},"end":{"line":21,"column":5}},"14":{"start":{"line":20,"column":4},"end":{"line":20,"column":54}},"15":{"start":{"line":23,"column":2},"end":{"line":30,"column":5}},"16":{"start":{"line":24,"column":4},"end":{"line":24,"column":27}},"17":{"start":{"line":25,"column":4},"end":{"line":29,"column":5}},"18":{"start":{"line":26,"column":6},"end":{"line":26,"column":31}},"19":{"start":{"line":27,"column":6},"end":{"line":27,"column":28}},"20":{"start":{"line":28,"column":6},"end":{"line":28,"column":22}},"21":{"start":{"line":32,"column":2},"end":{"line":32,"column":35}},"22":{"start":{"line":33,"column":2},"end":{"line":33,"column":17}},"23":{"start":{"line":35,"column":2},"end":{"line":35,"column":42}},"24":{"start":{"line":38,"column":0},"end":{"line":45,"column":2}},"25":{"start":{"line":39,"column":2},"end":{"line":41,"column":3}},"26":{"start":{"line":40,"column":4},"end":{"line":40,"column":39}},"27":{"start":{"line":43,"column":2},"end":{"line":43,"column":33}},"28":{"start":{"line":44,"column":2},"end":{"line":44,"column":16}},"29":{"start":{"line":47,"column":0},"end":{"line":47,"column":27}}},"branchMap":{"1":{"line":20,"type":"cond-expr","locations":[{"start":{"line":20,"column":19},"end":{"line":20,"column":39}},{"start":{"line":20,"column":43},"end":{"line":20,"column":52}}]},"2":{"line":20,"type":"binary-expr","locations":[{"start":{"line":20,"column":19},"end":{"line":20,"column":33}},{"start":{"line":20,"column":37},"end":{"line":20,"column":39}}]},"3":{"line":25,"type":"if","locations":[{"start":{"line":25,"column":4},"end":{"line":25,"column":4}},{"start":{"line":25,"column":4},"end":{"line":25,"column":4}}]},"4":{"line":39,"type":"if","locations":[{"start":{"line":39,"column":2},"end":{"line":39,"column":2}},{"start":{"line":39,"column":2},"end":{"line":39,"column":2}}]}},"code":["var zmq = require('zmq');","var _ = require('lodash');","var util = require('util');","var Base = require('./Base');","","function Directory(endpoint, conf) {","  this.service = '$dir';","  this._dir = {};","","  Base.call(this, endpoint, conf);","}; ","util.inherits(Directory, Base);","","Directory.prototype.start = function() {","  Base.prototype.start.call(this);","","  var self = this;","","  this.wrk.on('request', function(inp, rep) {","    rep.end(inp ? (self._dir[inp] || []) : self._dir);","  });","","  this.sub.on('message', function(data) {","    data = data.toString();","    if (data.indexOf(self.service) === 0) {","      var msg = data.substr(5);","      msg = JSON.parse(msg);","      self._dir = msg;","    } ","  });","  ","  this.sub.subscribe(this.service);","  this.onStart();","","  this.wrk.heartbeat({ update: 1 }, true);","};","","Directory.prototype.stop = function() {","  if (this.sub) {","    this.sub.unsubscribe(this.service);","  }","","  Base.prototype.stop.call(this);","  this.onStop();","};","","module.exports = Directory;",""],"l":{"1":2,"2":0,"3":0,"4":0,"6":1,"7":0,"8":0,"10":0,"12":0,"14":0,"15":0,"17":0,"19":0,"20":0,"23":0,"24":0,"25":0,"26":0,"27":0,"28":0,"32":0,"33":0,"35":0,"38":0,"39":0,"40":0,"43":0,"44":0,"47":0}}}